-- Compiled SQL bundle (Silver)
-- Generated: 2025-09-18 09:11:36
-- Source folder: C:\ATK_Project\sql_scripts\Silver
-- Files (16):
--   Silver_Документы.ЗаявкаНаКредит.sql
--   Silver_Документы.ОбъединеннаяИнтернетЗаявка.sql
--   Silver_Документы.УстановкаДанныхКредита.sql
--   Silver_РегистрыСведений.АнулированныеКредитыПартнеров.sql
--   Silver_РегистрыСведений.Валюта.sql
--   Silver_РегистрыСведений.ДанныеКредитовВыданных.sql
--   Silver_РегистрыСведений.КредитыВТеневыхФилиалах.sql
--   Silver_РегистрыСведений.ОтветственныеПоКредитамВыданным.sql
--   Silver_РегистрыСведений.СведенияОПользователяхМобильногоПриложения.sql
--   Silver_РегистрыСведений.СтатусыКредитовВыданных.sql
--   Silver_РегистрыСведений.СуммыЗадолженностиПоПериодамПросрочки.sql
--   Silver_Справочники.Дилеры.sql
--   Silver_Справочники.Контрагенты.sql
--   Silver_Справочники.Кредиты.sql
--   Silver_Справочники.ФилиалыКонтрагентов.sql
--   Silver_Справочники.ФинансовыеПродукты.sql
----------------------------------------------------------------------------------------------------

SET NOCOUNT ON;

----------------------------------------------------------------------------------------------------
-- Start of: Silver_Документы.ЗаявкаНаКредит.sql
----------------------------------------------------------------------------------------------------
USE [ATK];
Changed database context to 'ATK'.

IF OBJECT_ID('mis.[Silver_Документы.ЗаявкаНаКредит]', 'U') IS NOT NULL
    DROP TABLE mis.[Silver_Документы.ЗаявкаНаКредит];
Sqlcmd: Warning: The last operation was terminated because the user pressed CTRL+C
