2026-02-26 13:15:46,969 [INFO] === Starting Bronze SQL Compilation Job ===
2026-02-26 13:15:46,970 [INFO] Total SQL files to process: 28
2026-02-26 13:15:46,971 [INFO] Processing file: mis.Bronze_\u0414\u043e\u043a\u0443\u043c\u0435\u043d\u0442\u044b.\u0417\u0430\u044f\u0432\u043a\u0430\u041d\u0430\u041a\u0440\u0435\u0434\u0438\u0442.sql
2026-02-26 13:15:46,973 [INFO] Finished file: mis.Bronze_\u0414\u043e\u043a\u0443\u043c\u0435\u043d\u0442\u044b.\u0417\u0430\u044f\u0432\u043a\u0430\u041d\u0430\u041a\u0440\u0435\u0434\u0438\u0442.sql
2026-02-26 13:15:46,973 [INFO] Processing file: mis.Bronze_\u0414\u043e\u043a\u0443\u043c\u0435\u043d\u0442\u044b.\u041d\u0430\u043f\u0440\u0430\u0432\u043b\u0435\u043d\u0438\u0435\u041d\u0430\u0412\u044b\u043f\u043b\u0430\u0442\u0443.sql
2026-02-26 13:15:46,975 [INFO] Finished file: mis.Bronze_\u0414\u043e\u043a\u0443\u043c\u0435\u043d\u0442\u044b.\u041d\u0430\u043f\u0440\u0430\u0432\u043b\u0435\u043d\u0438\u0435\u041d\u0430\u0412\u044b\u043f\u043b\u0430\u0442\u0443.sql
2026-02-26 13:15:46,975 [INFO] Processing file: mis.Bronze_\u0414\u043e\u043a\u0443\u043c\u0435\u043d\u0442\u044b.\u041e\u0431\u044a\u0435\u0434\u0438\u043d\u0435\u043d\u043d\u0430\u044f\u0418\u043d\u0442\u0435\u0440\u043d\u0435\u0442\u0417\u0430\u044f\u0432\u043a\u0430.sql
2026-02-26 13:15:46,976 [INFO] Finished file: mis.Bronze_\u0414\u043e\u043a\u0443\u043c\u0435\u043d\u0442\u044b.\u041e\u0431\u044a\u0435\u0434\u0438\u043d\u0435\u043d\u043d\u0430\u044f\u0418\u043d\u0442\u0435\u0440\u043d\u0435\u0442\u0417\u0430\u044f\u0432\u043a\u0430.sql
2026-02-26 13:15:46,976 [INFO] Processing file: mis.Bronze_\u0414\u043e\u043a\u0443\u043c\u0435\u043d\u0442\u044b.\u041e\u0431\u044a\u0435\u0434\u0438\u043d\u0435\u043d\u043d\u0430\u044f\u0418\u043d\u0442\u0435\u0440\u043d\u0435\u0442\u0417\u0430\u044f\u0432\u043a\u0430.\u0420\u0438\u0441\u043a\u0424\u0430\u043a\u0442\u043e\u0440\u044b.sql
2026-02-26 13:15:46,977 [INFO] Finished file: mis.Bronze_\u0414\u043e\u043a\u0443\u043c\u0435\u043d\u0442\u044b.\u041e\u0431\u044a\u0435\u0434\u0438\u043d\u0435\u043d\u043d\u0430\u044f\u0418\u043d\u0442\u0435\u0440\u043d\u0435\u0442\u0417\u0430\u044f\u0432\u043a\u0430.\u0420\u0438\u0441\u043a\u0424\u0430\u043a\u0442\u043e\u0440\u044b.sql
2026-02-26 13:15:46,977 [INFO] Processing file: mis.Bronze_\u0414\u043e\u043a\u0443\u043c\u0435\u043d\u0442\u044b.\u041f\u0440\u043e\u0442\u043e\u043a\u043e\u043b\u041a\u043e\u043c\u0438\u0442\u0435\u0442\u0430.sql
2026-02-26 13:15:46,979 [INFO] Finished file: mis.Bronze_\u0414\u043e\u043a\u0443\u043c\u0435\u043d\u0442\u044b.\u041f\u0440\u043e\u0442\u043e\u043a\u043e\u043b\u041a\u043e\u043c\u0438\u0442\u0435\u0442\u0430.sql
2026-02-26 13:15:46,979 [INFO] Processing file: mis.Bronze_\u0414\u043e\u043a\u0443\u043c\u0435\u043d\u0442\u044b.\u0423\u0441\u0442\u0430\u043d\u043e\u0432\u043a\u0430\u0414\u0430\u043d\u043d\u044b\u0445\u041a\u0440\u0435\u0434\u0438\u0442\u0430.sql
2026-02-26 13:15:46,980 [INFO] Finished file: mis.Bronze_\u0414\u043e\u043a\u0443\u043c\u0435\u043d\u0442\u044b.\u0423\u0441\u0442\u0430\u043d\u043e\u0432\u043a\u0430\u0414\u0430\u043d\u043d\u044b\u0445\u041a\u0440\u0435\u0434\u0438\u0442\u0430.sql
2026-02-26 13:15:46,980 [INFO] Processing file: mis.Bronze_\u0417\u0430\u0434\u0430\u0447\u0438.\u0417\u0430\u0434\u0430\u0447\u0430\u0410\u0434\u043c\u0438\u043d\u0438\u0441\u0442\u0440\u0430\u0442\u043e\u0440\u0430\u041a\u0440\u0435\u0434\u0438\u0442\u043e\u0432.sql
2026-02-26 13:15:46,981 [INFO] Finished file: mis.Bronze_\u0417\u0430\u0434\u0430\u0447\u0438.\u0417\u0430\u0434\u0430\u0447\u0430\u0410\u0434\u043c\u0438\u043d\u0438\u0441\u0442\u0440\u0430\u0442\u043e\u0440\u0430\u041a\u0440\u0435\u0434\u0438\u0442\u043e\u0432.sql
2026-02-26 13:15:46,981 [INFO] Processing file: mis.Bronze_\u0417\u0430\u0434\u0430\u0447\u0438.\u0417\u0430\u0434\u0430\u0447\u0430\u0410\u0434\u043c\u0438\u043d\u0438\u0441\u0442\u0440\u0430\u0442\u043e\u0440\u0430\u041a\u0440\u0435\u0434\u0438\u0442\u043e\u0432.\u0418\u0441\u0442\u043e\u0440\u0438\u044f\u0421\u0442\u0430\u0442\u0443\u0441\u043e\u0432.sql
2026-02-26 13:15:46,981 [INFO] Finished file: mis.Bronze_\u0417\u0430\u0434\u0430\u0447\u0438.\u0417\u0430\u0434\u0430\u0447\u0430\u0410\u0434\u043c\u0438\u043d\u0438\u0441\u0442\u0440\u0430\u0442\u043e\u0440\u0430\u041a\u0440\u0435\u0434\u0438\u0442\u043e\u0432.\u0418\u0441\u0442\u043e\u0440\u0438\u044f\u0421\u0442\u0430\u0442\u0443\u0441\u043e\u0432.sql
2026-02-26 13:15:46,981 [INFO] Processing file: mis.Bronze_\u0420\u0435\u0433\u0438\u0441\u0442\u0440\u044b\u0421\u0432\u0435\u0434\u0435\u043d\u0438\u0439.\u0410\u043d\u0443\u043b\u0438\u0440\u043e\u0432\u0430\u043d\u043d\u044b\u0435\u041a\u0440\u0435\u0434\u0438\u0442\u044b\u041f\u0430\u0440\u0442\u043d\u0435\u0440\u043e\u0432.sql
2026-02-26 13:15:46,981 [INFO] Finished file: mis.Bronze_\u0420\u0435\u0433\u0438\u0441\u0442\u0440\u044b\u0421\u0432\u0435\u0434\u0435\u043d\u0438\u0439.\u0410\u043d\u0443\u043b\u0438\u0440\u043e\u0432\u0430\u043d\u043d\u044b\u0435\u041a\u0440\u0435\u0434\u0438\u0442\u044b\u041f\u0430\u0440\u0442\u043d\u0435\u0440\u043e\u0432.sql
2026-02-26 13:15:46,982 [INFO] Processing file: mis.Bronze_\u0420\u0435\u0433\u0438\u0441\u0442\u0440\u044b\u0421\u0432\u0435\u0434\u0435\u043d\u0438\u0439.\u0412\u0430\u043b\u044e\u0442\u0430.sql
2026-02-26 13:15:46,982 [INFO] Finished file: mis.Bronze_\u0420\u0435\u0433\u0438\u0441\u0442\u0440\u044b\u0421\u0432\u0435\u0434\u0435\u043d\u0438\u0439.\u0412\u0430\u043b\u044e\u0442\u0430.sql
2026-02-26 13:15:46,982 [INFO] Processing file: mis.Bronze_\u0420\u0435\u0433\u0438\u0441\u0442\u0440\u044b\u0421\u0432\u0435\u0434\u0435\u043d\u0438\u0439.\u0414\u0430\u043d\u043d\u044b\u0435\u041a\u0440\u0435\u0434\u0438\u0442\u043e\u0432\u0412\u044b\u0434\u0430\u043d\u043d\u044b\u0445.sql
2026-02-26 13:15:46,982 [INFO] Finished file: mis.Bronze_\u0420\u0435\u0433\u0438\u0441\u0442\u0440\u044b\u0421\u0432\u0435\u0434\u0435\u043d\u0438\u0439.\u0414\u0430\u043d\u043d\u044b\u0435\u041a\u0440\u0435\u0434\u0438\u0442\u043e\u0432\u0412\u044b\u0434\u0430\u043d\u043d\u044b\u0445.sql
2026-02-26 13:15:46,982 [INFO] Processing file: mis.Bronze_\u0420\u0435\u0433\u0438\u0441\u0442\u0440\u044b\u0421\u0432\u0435\u0434\u0435\u043d\u0438\u0439.\u041a\u0440\u0435\u0434\u0438\u0442\u044b\u0412\u0422\u0435\u043d\u0435\u0432\u044b\u0445\u0424\u0438\u043b\u0438\u0430\u043b\u0430\u0445.sql
2026-02-26 13:15:46,983 [INFO] Finished file: mis.Bronze_\u0420\u0435\u0433\u0438\u0441\u0442\u0440\u044b\u0421\u0432\u0435\u0434\u0435\u043d\u0438\u0439.\u041a\u0440\u0435\u0434\u0438\u0442\u044b\u0412\u0422\u0435\u043d\u0435\u0432\u044b\u0445\u0424\u0438\u043b\u0438\u0430\u043b\u0430\u0445.sql
2026-02-26 13:15:46,983 [INFO] Processing file: mis.Bronze_\u0420\u0435\u0433\u0438\u0441\u0442\u0440\u044b\u0421\u0432\u0435\u0434\u0435\u043d\u0438\u0439.\u041e\u0442\u0432\u0435\u0442\u0441\u0442\u0432\u0435\u043d\u043d\u044b\u0435\u041f\u043e\u041a\u0440\u0435\u0434\u0438\u0442\u0430\u043c\u0412\u044b\u0434\u0430\u043d\u043d\u044b\u043c.sql
2026-02-26 13:15:46,983 [INFO] Finished file: mis.Bronze_\u0420\u0435\u0433\u0438\u0441\u0442\u0440\u044b\u0421\u0432\u0435\u0434\u0435\u043d\u0438\u0439.\u041e\u0442\u0432\u0435\u0442\u0441\u0442\u0432\u0435\u043d\u043d\u044b\u0435\u041f\u043e\u041a\u0440\u0435\u0434\u0438\u0442\u0430\u043c\u0412\u044b\u0434\u0430\u043d\u043d\u044b\u043c.sql
2026-02-26 13:15:46,983 [INFO] Processing file: mis.Bronze_\u0420\u0435\u0433\u0438\u0441\u0442\u0440\u044b\u0421\u0432\u0435\u0434\u0435\u043d\u0438\u0439.\u0420\u0435\u0441\u0442\u0440\u0443\u043a\u0442\u0443\u0440\u0438\u0440\u043e\u0432\u0430\u043d\u043d\u044b\u0435\u041a\u0440\u0435\u0434\u0438\u0442\u044b.sql
2026-02-26 13:15:46,984 [INFO] Finished file: mis.Bronze_\u0420\u0435\u0433\u0438\u0441\u0442\u0440\u044b\u0421\u0432\u0435\u0434\u0435\u043d\u0438\u0439.\u0420\u0435\u0441\u0442\u0440\u0443\u043a\u0442\u0443\u0440\u0438\u0440\u043e\u0432\u0430\u043d\u043d\u044b\u0435\u041a\u0440\u0435\u0434\u0438\u0442\u044b.sql
2026-02-26 13:15:46,984 [INFO] Processing file: mis.Bronze_\u0420\u0435\u0433\u0438\u0441\u0442\u0440\u044b\u0421\u0432\u0435\u0434\u0435\u043d\u0438\u0439.\u0421\u0432\u0435\u0434\u0435\u043d\u0438\u044f\u041e\u041d\u0430\u043f\u0440\u0430\u0432\u043b\u0435\u043d\u0438\u044f\u0445\u041d\u0430\u0412\u044b\u043f\u043b\u0430\u0442\u0443.sql
2026-02-26 13:15:46,984 [INFO] Finished file: mis.Bronze_\u0420\u0435\u0433\u0438\u0441\u0442\u0440\u044b\u0421\u0432\u0435\u0434\u0435\u043d\u0438\u0439.\u0421\u0432\u0435\u0434\u0435\u043d\u0438\u044f\u041e\u041d\u0430\u043f\u0440\u0430\u0432\u043b\u0435\u043d\u0438\u044f\u0445\u041d\u0430\u0412\u044b\u043f\u043b\u0430\u0442\u0443.sql
2026-02-26 13:15:46,984 [INFO] Processing file: mis.Bronze_\u0420\u0435\u0433\u0438\u0441\u0442\u0440\u044b\u0421\u0432\u0435\u0434\u0435\u043d\u0438\u0439.\u0421\u0432\u0435\u0434\u0435\u043d\u0438\u044f\u041e\u041f\u043e\u043b\u044c\u0437\u043e\u0432\u0430\u0442\u0435\u043b\u044f\u0445\u041c\u043e\u0431\u0438\u043b\u044c\u043d\u043e\u0433\u043e\u041f\u0440\u0438\u043b\u043e\u0436\u0435\u043d\u0438\u044f.sql
2026-02-26 13:15:46,984 [INFO] Finished file: mis.Bronze_\u0420\u0435\u0433\u0438\u0441\u0442\u0440\u044b\u0421\u0432\u0435\u0434\u0435\u043d\u0438\u0439.\u0421\u0432\u0435\u0434\u0435\u043d\u0438\u044f\u041e\u041f\u043e\u043b\u044c\u0437\u043e\u0432\u0430\u0442\u0435\u043b\u044f\u0445\u041c\u043e\u0431\u0438\u043b\u044c\u043d\u043e\u0433\u043e\u041f\u0440\u0438\u043b\u043e\u0436\u0435\u043d\u0438\u044f.sql
2026-02-26 13:15:46,984 [INFO] Processing file: mis.Bronze_\u0420\u0435\u0433\u0438\u0441\u0442\u0440\u044b\u0421\u0432\u0435\u0434\u0435\u043d\u0438\u0439.\u0421\u043e\u0441\u0442\u043e\u044f\u043d\u0438\u044f\u0420\u0435\u0441\u0442\u0440\u0443\u043a\u0442\u0443\u0440\u0438\u0440\u043e\u0432\u0430\u043d\u043d\u044b\u0445\u041a\u0440\u0435\u0434\u0438\u0442\u043e\u0432.sql
2026-02-26 13:15:46,985 [INFO] Finished file: mis.Bronze_\u0420\u0435\u0433\u0438\u0441\u0442\u0440\u044b\u0421\u0432\u0435\u0434\u0435\u043d\u0438\u0439.\u0421\u043e\u0441\u0442\u043e\u044f\u043d\u0438\u044f\u0420\u0435\u0441\u0442\u0440\u0443\u043a\u0442\u0443\u0440\u0438\u0440\u043e\u0432\u0430\u043d\u043d\u044b\u0445\u041a\u0440\u0435\u0434\u0438\u0442\u043e\u0432.sql
2026-02-26 13:15:46,985 [INFO] Processing file: mis.Bronze_\u0420\u0435\u0433\u0438\u0441\u0442\u0440\u044b\u0421\u0432\u0435\u0434\u0435\u043d\u0438\u0439.\u0421\u043e\u0442\u0440\u0443\u0434\u043d\u0438\u043a\u0438\u0414\u0430\u043d\u043d\u044b\u0435\u041f\u043e\u0417\u0430\u0440\u043f\u043b\u0430\u0442\u0435.sql
2026-02-26 13:15:46,985 [INFO] Finished file: mis.Bronze_\u0420\u0435\u0433\u0438\u0441\u0442\u0440\u044b\u0421\u0432\u0435\u0434\u0435\u043d\u0438\u0439.\u0421\u043e\u0442\u0440\u0443\u0434\u043d\u0438\u043a\u0438\u0414\u0430\u043d\u043d\u044b\u0435\u041f\u043e\u0417\u0430\u0440\u043f\u043b\u0430\u0442\u0435.sql
2026-02-26 13:15:46,985 [INFO] Processing file: mis.Bronze_\u0420\u0435\u0433\u0438\u0441\u0442\u0440\u044b\u0421\u0432\u0435\u0434\u0435\u043d\u0438\u0439.\u0421\u0442\u0430\u0442\u0443\u0441\u044b\u041a\u0440\u0435\u0434\u0438\u0442\u043e\u0432\u0412\u044b\u0434\u0430\u043d\u043d\u044b\u0445.sql
2026-02-26 13:15:46,986 [INFO] Finished file: mis.Bronze_\u0420\u0435\u0433\u0438\u0441\u0442\u0440\u044b\u0421\u0432\u0435\u0434\u0435\u043d\u0438\u0439.\u0421\u0442\u0430\u0442\u0443\u0441\u044b\u041a\u0440\u0435\u0434\u0438\u0442\u043e\u0432\u0412\u044b\u0434\u0430\u043d\u043d\u044b\u0445.sql
2026-02-26 13:15:46,986 [INFO] Processing file: mis.Bronze_\u0420\u0435\u0433\u0438\u0441\u0442\u0440\u044b\u0421\u0432\u0435\u0434\u0435\u043d\u0438\u0439.\u0421\u0443\u043c\u043c\u044b\u0417\u0430\u0434\u043e\u043b\u0436\u0435\u043d\u043d\u043e\u0441\u0442\u0438\u041f\u043e\u041f\u0435\u0440\u0438\u043e\u0434\u0430\u043c\u041f\u0440\u043e\u0441\u0440\u043e\u0447\u043a\u0438.sql
2026-02-26 13:15:46,986 [INFO] Finished file: mis.Bronze_\u0420\u0435\u0433\u0438\u0441\u0442\u0440\u044b\u0421\u0432\u0435\u0434\u0435\u043d\u0438\u0439.\u0421\u0443\u043c\u043c\u044b\u0417\u0430\u0434\u043e\u043b\u0436\u0435\u043d\u043d\u043e\u0441\u0442\u0438\u041f\u043e\u041f\u0435\u0440\u0438\u043e\u0434\u0430\u043c\u041f\u0440\u043e\u0441\u0440\u043e\u0447\u043a\u0438.sql
2026-02-26 13:15:46,986 [INFO] Processing file: mis.Bronze_\u0420\u0435\u0433\u0438\u0441\u0442\u0440\u044b\u0421\u0432\u0435\u0434\u0435\u043d\u0438\u0439.\u0423\u0441\u043b\u043e\u0432\u0438\u044f\u041f\u043e\u0441\u043b\u0435\u0412\u044b\u0434\u0430\u0447\u0438\u041a\u0440\u0435\u0434\u0438\u0442\u0430.sql
2026-02-26 13:15:46,987 [INFO] Finished file: mis.Bronze_\u0420\u0435\u0433\u0438\u0441\u0442\u0440\u044b\u0421\u0432\u0435\u0434\u0435\u043d\u0438\u0439.\u0423\u0441\u043b\u043e\u0432\u0438\u044f\u041f\u043e\u0441\u043b\u0435\u0412\u044b\u0434\u0430\u0447\u0438\u041a\u0440\u0435\u0434\u0438\u0442\u0430.sql
2026-02-26 13:15:46,987 [INFO] Processing file: mis.Bronze_\u0421\u043f\u0440\u0430\u0432\u043e\u0447\u043d\u0438\u043a\u0438.\u0414\u0438\u043b\u0435\u0440\u044b.sql
2026-02-26 13:15:46,987 [INFO] Finished file: mis.Bronze_\u0421\u043f\u0440\u0430\u0432\u043e\u0447\u043d\u0438\u043a\u0438.\u0414\u0438\u043b\u0435\u0440\u044b.sql
2026-02-26 13:15:46,987 [INFO] Processing file: mis.Bronze_\u0421\u043f\u0440\u0430\u0432\u043e\u0447\u043d\u0438\u043a\u0438.\u041a\u043e\u043d\u0442\u0440\u0430\u0433\u0435\u043d\u0442\u044b.sql
2026-02-26 13:15:46,988 [INFO] Finished file: mis.Bronze_\u0421\u043f\u0440\u0430\u0432\u043e\u0447\u043d\u0438\u043a\u0438.\u041a\u043e\u043d\u0442\u0440\u0430\u0433\u0435\u043d\u0442\u044b.sql
2026-02-26 13:15:46,988 [INFO] Processing file: mis.Bronze_\u0421\u043f\u0440\u0430\u0432\u043e\u0447\u043d\u0438\u043a\u0438.\u041a\u0440\u0435\u0434\u0438\u0442\u044b.sql
2026-02-26 13:15:46,988 [INFO] Finished file: mis.Bronze_\u0421\u043f\u0440\u0430\u0432\u043e\u0447\u043d\u0438\u043a\u0438.\u041a\u0440\u0435\u0434\u0438\u0442\u044b.sql
2026-02-26 13:15:46,988 [INFO] Processing file: mis.Bronze_\u0421\u043f\u0440\u0430\u0432\u043e\u0447\u043d\u0438\u043a\u0438.\u0422\u0438\u043f\u044b\u0417\u0430\u0434\u0430\u0447\u0410\u0434\u043c\u0438\u043d\u0438\u0441\u0442\u0440\u0430\u0442\u043e\u0440\u0430\u041a\u0440\u0435\u0434\u0438\u0442\u043e\u0432.sql
2026-02-26 13:15:46,989 [INFO] Finished file: mis.Bronze_\u0421\u043f\u0440\u0430\u0432\u043e\u0447\u043d\u0438\u043a\u0438.\u0422\u0438\u043f\u044b\u0417\u0430\u0434\u0430\u0447\u0410\u0434\u043c\u0438\u043d\u0438\u0441\u0442\u0440\u0430\u0442\u043e\u0440\u0430\u041a\u0440\u0435\u0434\u0438\u0442\u043e\u0432.sql
2026-02-26 13:15:46,989 [INFO] Processing file: mis.Bronze_\u0421\u043f\u0440\u0430\u0432\u043e\u0447\u043d\u0438\u043a\u0438.\u0422\u0438\u043f\u044b\u0417\u0430\u0434\u0430\u0447\u0410\u0434\u043c\u0438\u043d\u0438\u0441\u0442\u0440\u0430\u0442\u043e\u0440\u0430\u041a\u0440\u0435\u0434\u0438\u0442\u043e\u0432_\u0418\u0441\u0442\u043e\u0440\u0438\u044f\u041f\u043e\u043a\u0430\u0437\u0430\u0442\u0435\u043b\u0435\u0439.sql
2026-02-26 13:15:46,989 [INFO] Finished file: mis.Bronze_\u0421\u043f\u0440\u0430\u0432\u043e\u0447\u043d\u0438\u043a\u0438.\u0422\u0438\u043f\u044b\u0417\u0430\u0434\u0430\u0447\u0410\u0434\u043c\u0438\u043d\u0438\u0441\u0442\u0440\u0430\u0442\u043e\u0440\u0430\u041a\u0440\u0435\u0434\u0438\u0442\u043e\u0432_\u0418\u0441\u0442\u043e\u0440\u0438\u044f\u041f\u043e\u043a\u0430\u0437\u0430\u0442\u0435\u043b\u0435\u0439.sql
2026-02-26 13:15:46,989 [INFO] Processing file: mis.Bronze_\u0421\u043f\u0440\u0430\u0432\u043e\u0447\u043d\u0438\u043a\u0438.\u0424\u0438\u043b\u0438\u0430\u043b\u044b\u041a\u043e\u043d\u0442\u0440\u0430\u0433\u0435\u043d\u0442\u043e\u0432.sql
2026-02-26 13:15:46,989 [INFO] Finished file: mis.Bronze_\u0421\u043f\u0440\u0430\u0432\u043e\u0447\u043d\u0438\u043a\u0438.\u0424\u0438\u043b\u0438\u0430\u043b\u044b\u041a\u043e\u043d\u0442\u0440\u0430\u0433\u0435\u043d\u0442\u043e\u0432.sql
2026-02-26 13:15:46,989 [INFO] Processing file: mis.Bronze_\u0421\u043f\u0440\u0430\u0432\u043e\u0447\u043d\u0438\u043a\u0438.\u0424\u0438\u043d\u0430\u043d\u0441\u043e\u0432\u044b\u0435\u041f\u0440\u043e\u0434\u0443\u043a\u0442\u044b.sql
2026-02-26 13:15:46,990 [INFO] Finished file: mis.Bronze_\u0421\u043f\u0440\u0430\u0432\u043e\u0447\u043d\u0438\u043a\u0438.\u0424\u0438\u043d\u0430\u043d\u0441\u043e\u0432\u044b\u0435\u041f\u0440\u043e\u0434\u0443\u043a\u0442\u044b.sql
2026-02-26 13:15:46,992 [INFO] \u2705 Stored procedure script generated successfully: C:\ATK_Project\compiled\compiled_bronze_job_proc.sql
2026-02-26 13:17:06,735 [INFO] === Starting Bronze SQL Compilation Job ===
2026-02-26 13:17:06,736 [INFO] Total SQL files to process: 28
2026-02-26 13:17:06,737 [INFO] Processing file: mis.Bronze_\u0414\u043e\u043a\u0443\u043c\u0435\u043d\u0442\u044b.\u0417\u0430\u044f\u0432\u043a\u0430\u041d\u0430\u041a\u0440\u0435\u0434\u0438\u0442.sql
2026-02-26 13:17:06,738 [INFO] Finished file: mis.Bronze_\u0414\u043e\u043a\u0443\u043c\u0435\u043d\u0442\u044b.\u0417\u0430\u044f\u0432\u043a\u0430\u041d\u0430\u041a\u0440\u0435\u0434\u0438\u0442.sql
2026-02-26 13:17:06,738 [INFO] Processing file: mis.Bronze_\u0414\u043e\u043a\u0443\u043c\u0435\u043d\u0442\u044b.\u041d\u0430\u043f\u0440\u0430\u0432\u043b\u0435\u043d\u0438\u0435\u041d\u0430\u0412\u044b\u043f\u043b\u0430\u0442\u0443.sql
2026-02-26 13:17:06,739 [INFO] Finished file: mis.Bronze_\u0414\u043e\u043a\u0443\u043c\u0435\u043d\u0442\u044b.\u041d\u0430\u043f\u0440\u0430\u0432\u043b\u0435\u043d\u0438\u0435\u041d\u0430\u0412\u044b\u043f\u043b\u0430\u0442\u0443.sql
2026-02-26 13:17:06,739 [INFO] Processing file: mis.Bronze_\u0414\u043e\u043a\u0443\u043c\u0435\u043d\u0442\u044b.\u041e\u0431\u044a\u0435\u0434\u0438\u043d\u0435\u043d\u043d\u0430\u044f\u0418\u043d\u0442\u0435\u0440\u043d\u0435\u0442\u0417\u0430\u044f\u0432\u043a\u0430.sql
2026-02-26 13:17:06,740 [INFO] Finished file: mis.Bronze_\u0414\u043e\u043a\u0443\u043c\u0435\u043d\u0442\u044b.\u041e\u0431\u044a\u0435\u0434\u0438\u043d\u0435\u043d\u043d\u0430\u044f\u0418\u043d\u0442\u0435\u0440\u043d\u0435\u0442\u0417\u0430\u044f\u0432\u043a\u0430.sql
2026-02-26 13:17:06,740 [INFO] Processing file: mis.Bronze_\u0414\u043e\u043a\u0443\u043c\u0435\u043d\u0442\u044b.\u041e\u0431\u044a\u0435\u0434\u0438\u043d\u0435\u043d\u043d\u0430\u044f\u0418\u043d\u0442\u0435\u0440\u043d\u0435\u0442\u0417\u0430\u044f\u0432\u043a\u0430.\u0420\u0438\u0441\u043a\u0424\u0430\u043a\u0442\u043e\u0440\u044b.sql
2026-02-26 13:17:06,740 [INFO] Finished file: mis.Bronze_\u0414\u043e\u043a\u0443\u043c\u0435\u043d\u0442\u044b.\u041e\u0431\u044a\u0435\u0434\u0438\u043d\u0435\u043d\u043d\u0430\u044f\u0418\u043d\u0442\u0435\u0440\u043d\u0435\u0442\u0417\u0430\u044f\u0432\u043a\u0430.\u0420\u0438\u0441\u043a\u0424\u0430\u043a\u0442\u043e\u0440\u044b.sql
2026-02-26 13:17:06,740 [INFO] Processing file: mis.Bronze_\u0414\u043e\u043a\u0443\u043c\u0435\u043d\u0442\u044b.\u041f\u0440\u043e\u0442\u043e\u043a\u043e\u043b\u041a\u043e\u043c\u0438\u0442\u0435\u0442\u0430.sql
2026-02-26 13:17:06,743 [INFO] Finished file: mis.Bronze_\u0414\u043e\u043a\u0443\u043c\u0435\u043d\u0442\u044b.\u041f\u0440\u043e\u0442\u043e\u043a\u043e\u043b\u041a\u043e\u043c\u0438\u0442\u0435\u0442\u0430.sql
2026-02-26 13:17:06,743 [INFO] Processing file: mis.Bronze_\u0414\u043e\u043a\u0443\u043c\u0435\u043d\u0442\u044b.\u0423\u0441\u0442\u0430\u043d\u043e\u0432\u043a\u0430\u0414\u0430\u043d\u043d\u044b\u0445\u041a\u0440\u0435\u0434\u0438\u0442\u0430.sql
2026-02-26 13:17:06,744 [INFO] Finished file: mis.Bronze_\u0414\u043e\u043a\u0443\u043c\u0435\u043d\u0442\u044b.\u0423\u0441\u0442\u0430\u043d\u043e\u0432\u043a\u0430\u0414\u0430\u043d\u043d\u044b\u0445\u041a\u0440\u0435\u0434\u0438\u0442\u0430.sql
2026-02-26 13:17:06,744 [INFO] Processing file: mis.Bronze_\u0417\u0430\u0434\u0430\u0447\u0438.\u0417\u0430\u0434\u0430\u0447\u0430\u0410\u0434\u043c\u0438\u043d\u0438\u0441\u0442\u0440\u0430\u0442\u043e\u0440\u0430\u041a\u0440\u0435\u0434\u0438\u0442\u043e\u0432.sql
2026-02-26 13:17:06,745 [INFO] Finished file: mis.Bronze_\u0417\u0430\u0434\u0430\u0447\u0438.\u0417\u0430\u0434\u0430\u0447\u0430\u0410\u0434\u043c\u0438\u043d\u0438\u0441\u0442\u0440\u0430\u0442\u043e\u0440\u0430\u041a\u0440\u0435\u0434\u0438\u0442\u043e\u0432.sql
2026-02-26 13:17:06,745 [INFO] Processing file: mis.Bronze_\u0417\u0430\u0434\u0430\u0447\u0438.\u0417\u0430\u0434\u0430\u0447\u0430\u0410\u0434\u043c\u0438\u043d\u0438\u0441\u0442\u0440\u0430\u0442\u043e\u0440\u0430\u041a\u0440\u0435\u0434\u0438\u0442\u043e\u0432.\u0418\u0441\u0442\u043e\u0440\u0438\u044f\u0421\u0442\u0430\u0442\u0443\u0441\u043e\u0432.sql
2026-02-26 13:17:06,745 [INFO] Finished file: mis.Bronze_\u0417\u0430\u0434\u0430\u0447\u0438.\u0417\u0430\u0434\u0430\u0447\u0430\u0410\u0434\u043c\u0438\u043d\u0438\u0441\u0442\u0440\u0430\u0442\u043e\u0440\u0430\u041a\u0440\u0435\u0434\u0438\u0442\u043e\u0432.\u0418\u0441\u0442\u043e\u0440\u0438\u044f\u0421\u0442\u0430\u0442\u0443\u0441\u043e\u0432.sql
2026-02-26 13:17:06,745 [INFO] Processing file: mis.Bronze_\u0420\u0435\u0433\u0438\u0441\u0442\u0440\u044b\u0421\u0432\u0435\u0434\u0435\u043d\u0438\u0439.\u0410\u043d\u0443\u043b\u0438\u0440\u043e\u0432\u0430\u043d\u043d\u044b\u0435\u041a\u0440\u0435\u0434\u0438\u0442\u044b\u041f\u0430\u0440\u0442\u043d\u0435\u0440\u043e\u0432.sql
2026-02-26 13:17:06,745 [INFO] Finished file: mis.Bronze_\u0420\u0435\u0433\u0438\u0441\u0442\u0440\u044b\u0421\u0432\u0435\u0434\u0435\u043d\u0438\u0439.\u0410\u043d\u0443\u043b\u0438\u0440\u043e\u0432\u0430\u043d\u043d\u044b\u0435\u041a\u0440\u0435\u0434\u0438\u0442\u044b\u041f\u0430\u0440\u0442\u043d\u0435\u0440\u043e\u0432.sql
2026-02-26 13:17:06,746 [INFO] Processing file: mis.Bronze_\u0420\u0435\u0433\u0438\u0441\u0442\u0440\u044b\u0421\u0432\u0435\u0434\u0435\u043d\u0438\u0439.\u0412\u0430\u043b\u044e\u0442\u0430.sql
2026-02-26 13:17:06,746 [INFO] Finished file: mis.Bronze_\u0420\u0435\u0433\u0438\u0441\u0442\u0440\u044b\u0421\u0432\u0435\u0434\u0435\u043d\u0438\u0439.\u0412\u0430\u043b\u044e\u0442\u0430.sql
2026-02-26 13:17:06,746 [INFO] Processing file: mis.Bronze_\u0420\u0435\u0433\u0438\u0441\u0442\u0440\u044b\u0421\u0432\u0435\u0434\u0435\u043d\u0438\u0439.\u0414\u0430\u043d\u043d\u044b\u0435\u041a\u0440\u0435\u0434\u0438\u0442\u043e\u0432\u0412\u044b\u0434\u0430\u043d\u043d\u044b\u0445.sql
2026-02-26 13:17:06,746 [INFO] Finished file: mis.Bronze_\u0420\u0435\u0433\u0438\u0441\u0442\u0440\u044b\u0421\u0432\u0435\u0434\u0435\u043d\u0438\u0439.\u0414\u0430\u043d\u043d\u044b\u0435\u041a\u0440\u0435\u0434\u0438\u0442\u043e\u0432\u0412\u044b\u0434\u0430\u043d\u043d\u044b\u0445.sql
2026-02-26 13:17:06,746 [INFO] Processing file: mis.Bronze_\u0420\u0435\u0433\u0438\u0441\u0442\u0440\u044b\u0421\u0432\u0435\u0434\u0435\u043d\u0438\u0439.\u041a\u0440\u0435\u0434\u0438\u0442\u044b\u0412\u0422\u0435\u043d\u0435\u0432\u044b\u0445\u0424\u0438\u043b\u0438\u0430\u043b\u0430\u0445.sql
2026-02-26 13:17:06,747 [INFO] Finished file: mis.Bronze_\u0420\u0435\u0433\u0438\u0441\u0442\u0440\u044b\u0421\u0432\u0435\u0434\u0435\u043d\u0438\u0439.\u041a\u0440\u0435\u0434\u0438\u0442\u044b\u0412\u0422\u0435\u043d\u0435\u0432\u044b\u0445\u0424\u0438\u043b\u0438\u0430\u043b\u0430\u0445.sql
2026-02-26 13:17:06,747 [INFO] Processing file: mis.Bronze_\u0420\u0435\u0433\u0438\u0441\u0442\u0440\u044b\u0421\u0432\u0435\u0434\u0435\u043d\u0438\u0439.\u041e\u0442\u0432\u0435\u0442\u0441\u0442\u0432\u0435\u043d\u043d\u044b\u0435\u041f\u043e\u041a\u0440\u0435\u0434\u0438\u0442\u0430\u043c\u0412\u044b\u0434\u0430\u043d\u043d\u044b\u043c.sql
2026-02-26 13:17:06,747 [INFO] Finished file: mis.Bronze_\u0420\u0435\u0433\u0438\u0441\u0442\u0440\u044b\u0421\u0432\u0435\u0434\u0435\u043d\u0438\u0439.\u041e\u0442\u0432\u0435\u0442\u0441\u0442\u0432\u0435\u043d\u043d\u044b\u0435\u041f\u043e\u041a\u0440\u0435\u0434\u0438\u0442\u0430\u043c\u0412\u044b\u0434\u0430\u043d\u043d\u044b\u043c.sql
2026-02-26 13:17:06,747 [INFO] Processing file: mis.Bronze_\u0420\u0435\u0433\u0438\u0441\u0442\u0440\u044b\u0421\u0432\u0435\u0434\u0435\u043d\u0438\u0439.\u0420\u0435\u0441\u0442\u0440\u0443\u043a\u0442\u0443\u0440\u0438\u0440\u043e\u0432\u0430\u043d\u043d\u044b\u0435\u041a\u0440\u0435\u0434\u0438\u0442\u044b.sql
2026-02-26 13:17:06,748 [INFO] Finished file: mis.Bronze_\u0420\u0435\u0433\u0438\u0441\u0442\u0440\u044b\u0421\u0432\u0435\u0434\u0435\u043d\u0438\u0439.\u0420\u0435\u0441\u0442\u0440\u0443\u043a\u0442\u0443\u0440\u0438\u0440\u043e\u0432\u0430\u043d\u043d\u044b\u0435\u041a\u0440\u0435\u0434\u0438\u0442\u044b.sql
2026-02-26 13:17:06,748 [INFO] Processing file: mis.Bronze_\u0420\u0435\u0433\u0438\u0441\u0442\u0440\u044b\u0421\u0432\u0435\u0434\u0435\u043d\u0438\u0439.\u0421\u0432\u0435\u0434\u0435\u043d\u0438\u044f\u041e\u041d\u0430\u043f\u0440\u0430\u0432\u043b\u0435\u043d\u0438\u044f\u0445\u041d\u0430\u0412\u044b\u043f\u043b\u0430\u0442\u0443.sql
2026-02-26 13:17:06,748 [INFO] Finished file: mis.Bronze_\u0420\u0435\u0433\u0438\u0441\u0442\u0440\u044b\u0421\u0432\u0435\u0434\u0435\u043d\u0438\u0439.\u0421\u0432\u0435\u0434\u0435\u043d\u0438\u044f\u041e\u041d\u0430\u043f\u0440\u0430\u0432\u043b\u0435\u043d\u0438\u044f\u0445\u041d\u0430\u0412\u044b\u043f\u043b\u0430\u0442\u0443.sql
2026-02-26 13:17:06,748 [INFO] Processing file: mis.Bronze_\u0420\u0435\u0433\u0438\u0441\u0442\u0440\u044b\u0421\u0432\u0435\u0434\u0435\u043d\u0438\u0439.\u0421\u0432\u0435\u0434\u0435\u043d\u0438\u044f\u041e\u041f\u043e\u043b\u044c\u0437\u043e\u0432\u0430\u0442\u0435\u043b\u044f\u0445\u041c\u043e\u0431\u0438\u043b\u044c\u043d\u043e\u0433\u043e\u041f\u0440\u0438\u043b\u043e\u0436\u0435\u043d\u0438\u044f.sql
2026-02-26 13:17:06,749 [INFO] Finished file: mis.Bronze_\u0420\u0435\u0433\u0438\u0441\u0442\u0440\u044b\u0421\u0432\u0435\u0434\u0435\u043d\u0438\u0439.\u0421\u0432\u0435\u0434\u0435\u043d\u0438\u044f\u041e\u041f\u043e\u043b\u044c\u0437\u043e\u0432\u0430\u0442\u0435\u043b\u044f\u0445\u041c\u043e\u0431\u0438\u043b\u044c\u043d\u043e\u0433\u043e\u041f\u0440\u0438\u043b\u043e\u0436\u0435\u043d\u0438\u044f.sql
2026-02-26 13:17:06,749 [INFO] Processing file: mis.Bronze_\u0420\u0435\u0433\u0438\u0441\u0442\u0440\u044b\u0421\u0432\u0435\u0434\u0435\u043d\u0438\u0439.\u0421\u043e\u0441\u0442\u043e\u044f\u043d\u0438\u044f\u0420\u0435\u0441\u0442\u0440\u0443\u043a\u0442\u0443\u0440\u0438\u0440\u043e\u0432\u0430\u043d\u043d\u044b\u0445\u041a\u0440\u0435\u0434\u0438\u0442\u043e\u0432.sql
2026-02-26 13:17:06,749 [INFO] Finished file: mis.Bronze_\u0420\u0435\u0433\u0438\u0441\u0442\u0440\u044b\u0421\u0432\u0435\u0434\u0435\u043d\u0438\u0439.\u0421\u043e\u0441\u0442\u043e\u044f\u043d\u0438\u044f\u0420\u0435\u0441\u0442\u0440\u0443\u043a\u0442\u0443\u0440\u0438\u0440\u043e\u0432\u0430\u043d\u043d\u044b\u0445\u041a\u0440\u0435\u0434\u0438\u0442\u043e\u0432.sql
2026-02-26 13:17:06,749 [INFO] Processing file: mis.Bronze_\u0420\u0435\u0433\u0438\u0441\u0442\u0440\u044b\u0421\u0432\u0435\u0434\u0435\u043d\u0438\u0439.\u0421\u043e\u0442\u0440\u0443\u0434\u043d\u0438\u043a\u0438\u0414\u0430\u043d\u043d\u044b\u0435\u041f\u043e\u0417\u0430\u0440\u043f\u043b\u0430\u0442\u0435.sql
2026-02-26 13:17:06,749 [INFO] Finished file: mis.Bronze_\u0420\u0435\u0433\u0438\u0441\u0442\u0440\u044b\u0421\u0432\u0435\u0434\u0435\u043d\u0438\u0439.\u0421\u043e\u0442\u0440\u0443\u0434\u043d\u0438\u043a\u0438\u0414\u0430\u043d\u043d\u044b\u0435\u041f\u043e\u0417\u0430\u0440\u043f\u043b\u0430\u0442\u0435.sql
2026-02-26 13:17:06,749 [INFO] Processing file: mis.Bronze_\u0420\u0435\u0433\u0438\u0441\u0442\u0440\u044b\u0421\u0432\u0435\u0434\u0435\u043d\u0438\u0439.\u0421\u0442\u0430\u0442\u0443\u0441\u044b\u041a\u0440\u0435\u0434\u0438\u0442\u043e\u0432\u0412\u044b\u0434\u0430\u043d\u043d\u044b\u0445.sql
2026-02-26 13:17:06,750 [INFO] Finished file: mis.Bronze_\u0420\u0435\u0433\u0438\u0441\u0442\u0440\u044b\u0421\u0432\u0435\u0434\u0435\u043d\u0438\u0439.\u0421\u0442\u0430\u0442\u0443\u0441\u044b\u041a\u0440\u0435\u0434\u0438\u0442\u043e\u0432\u0412\u044b\u0434\u0430\u043d\u043d\u044b\u0445.sql
2026-02-26 13:17:06,750 [INFO] Processing file: mis.Bronze_\u0420\u0435\u0433\u0438\u0441\u0442\u0440\u044b\u0421\u0432\u0435\u0434\u0435\u043d\u0438\u0439.\u0421\u0443\u043c\u043c\u044b\u0417\u0430\u0434\u043e\u043b\u0436\u0435\u043d\u043d\u043e\u0441\u0442\u0438\u041f\u043e\u041f\u0435\u0440\u0438\u043e\u0434\u0430\u043c\u041f\u0440\u043e\u0441\u0440\u043e\u0447\u043a\u0438.sql
2026-02-26 13:17:06,750 [INFO] Finished file: mis.Bronze_\u0420\u0435\u0433\u0438\u0441\u0442\u0440\u044b\u0421\u0432\u0435\u0434\u0435\u043d\u0438\u0439.\u0421\u0443\u043c\u043c\u044b\u0417\u0430\u0434\u043e\u043b\u0436\u0435\u043d\u043d\u043e\u0441\u0442\u0438\u041f\u043e\u041f\u0435\u0440\u0438\u043e\u0434\u0430\u043c\u041f\u0440\u043e\u0441\u0440\u043e\u0447\u043a\u0438.sql
2026-02-26 13:17:06,750 [INFO] Processing file: mis.Bronze_\u0420\u0435\u0433\u0438\u0441\u0442\u0440\u044b\u0421\u0432\u0435\u0434\u0435\u043d\u0438\u0439.\u0423\u0441\u043b\u043e\u0432\u0438\u044f\u041f\u043e\u0441\u043b\u0435\u0412\u044b\u0434\u0430\u0447\u0438\u041a\u0440\u0435\u0434\u0438\u0442\u0430.sql
2026-02-26 13:17:06,751 [INFO] Finished file: mis.Bronze_\u0420\u0435\u0433\u0438\u0441\u0442\u0440\u044b\u0421\u0432\u0435\u0434\u0435\u043d\u0438\u0439.\u0423\u0441\u043b\u043e\u0432\u0438\u044f\u041f\u043e\u0441\u043b\u0435\u0412\u044b\u0434\u0430\u0447\u0438\u041a\u0440\u0435\u0434\u0438\u0442\u0430.sql
2026-02-26 13:17:06,751 [INFO] Processing file: mis.Bronze_\u0421\u043f\u0440\u0430\u0432\u043e\u0447\u043d\u0438\u043a\u0438.\u0414\u0438\u043b\u0435\u0440\u044b.sql
2026-02-26 13:17:06,751 [INFO] Finished file: mis.Bronze_\u0421\u043f\u0440\u0430\u0432\u043e\u0447\u043d\u0438\u043a\u0438.\u0414\u0438\u043b\u0435\u0440\u044b.sql
2026-02-26 13:17:06,751 [INFO] Processing file: mis.Bronze_\u0421\u043f\u0440\u0430\u0432\u043e\u0447\u043d\u0438\u043a\u0438.\u041a\u043e\u043d\u0442\u0440\u0430\u0433\u0435\u043d\u0442\u044b.sql
2026-02-26 13:17:06,752 [INFO] Finished file: mis.Bronze_\u0421\u043f\u0440\u0430\u0432\u043e\u0447\u043d\u0438\u043a\u0438.\u041a\u043e\u043d\u0442\u0440\u0430\u0433\u0435\u043d\u0442\u044b.sql
2026-02-26 13:17:06,752 [INFO] Processing file: mis.Bronze_\u0421\u043f\u0440\u0430\u0432\u043e\u0447\u043d\u0438\u043a\u0438.\u041a\u0440\u0435\u0434\u0438\u0442\u044b.sql
2026-02-26 13:17:06,753 [INFO] Finished file: mis.Bronze_\u0421\u043f\u0440\u0430\u0432\u043e\u0447\u043d\u0438\u043a\u0438.\u041a\u0440\u0435\u0434\u0438\u0442\u044b.sql
2026-02-26 13:17:06,753 [INFO] Processing file: mis.Bronze_\u0421\u043f\u0440\u0430\u0432\u043e\u0447\u043d\u0438\u043a\u0438.\u0422\u0438\u043f\u044b\u0417\u0430\u0434\u0430\u0447\u0410\u0434\u043c\u0438\u043d\u0438\u0441\u0442\u0440\u0430\u0442\u043e\u0440\u0430\u041a\u0440\u0435\u0434\u0438\u0442\u043e\u0432.sql
2026-02-26 13:17:06,753 [INFO] Finished file: mis.Bronze_\u0421\u043f\u0440\u0430\u0432\u043e\u0447\u043d\u0438\u043a\u0438.\u0422\u0438\u043f\u044b\u0417\u0430\u0434\u0430\u0447\u0410\u0434\u043c\u0438\u043d\u0438\u0441\u0442\u0440\u0430\u0442\u043e\u0440\u0430\u041a\u0440\u0435\u0434\u0438\u0442\u043e\u0432.sql
2026-02-26 13:17:06,753 [INFO] Processing file: mis.Bronze_\u0421\u043f\u0440\u0430\u0432\u043e\u0447\u043d\u0438\u043a\u0438.\u0422\u0438\u043f\u044b\u0417\u0430\u0434\u0430\u0447\u0410\u0434\u043c\u0438\u043d\u0438\u0441\u0442\u0440\u0430\u0442\u043e\u0440\u0430\u041a\u0440\u0435\u0434\u0438\u0442\u043e\u0432_\u0418\u0441\u0442\u043e\u0440\u0438\u044f\u041f\u043e\u043a\u0430\u0437\u0430\u0442\u0435\u043b\u0435\u0439.sql
2026-02-26 13:17:06,754 [INFO] Finished file: mis.Bronze_\u0421\u043f\u0440\u0430\u0432\u043e\u0447\u043d\u0438\u043a\u0438.\u0422\u0438\u043f\u044b\u0417\u0430\u0434\u0430\u0447\u0410\u0434\u043c\u0438\u043d\u0438\u0441\u0442\u0440\u0430\u0442\u043e\u0440\u0430\u041a\u0440\u0435\u0434\u0438\u0442\u043e\u0432_\u0418\u0441\u0442\u043e\u0440\u0438\u044f\u041f\u043e\u043a\u0430\u0437\u0430\u0442\u0435\u043b\u0435\u0439.sql
2026-02-26 13:17:06,754 [INFO] Processing file: mis.Bronze_\u0421\u043f\u0440\u0430\u0432\u043e\u0447\u043d\u0438\u043a\u0438.\u0424\u0438\u043b\u0438\u0430\u043b\u044b\u041a\u043e\u043d\u0442\u0440\u0430\u0433\u0435\u043d\u0442\u043e\u0432.sql
2026-02-26 13:17:06,754 [INFO] Finished file: mis.Bronze_\u0421\u043f\u0440\u0430\u0432\u043e\u0447\u043d\u0438\u043a\u0438.\u0424\u0438\u043b\u0438\u0430\u043b\u044b\u041a\u043e\u043d\u0442\u0440\u0430\u0433\u0435\u043d\u0442\u043e\u0432.sql
2026-02-26 13:17:06,754 [INFO] Processing file: mis.Bronze_\u0421\u043f\u0440\u0430\u0432\u043e\u0447\u043d\u0438\u043a\u0438.\u0424\u0438\u043d\u0430\u043d\u0441\u043e\u0432\u044b\u0435\u041f\u0440\u043e\u0434\u0443\u043a\u0442\u044b.sql
2026-02-26 13:17:06,755 [INFO] Finished file: mis.Bronze_\u0421\u043f\u0440\u0430\u0432\u043e\u0447\u043d\u0438\u043a\u0438.\u0424\u0438\u043d\u0430\u043d\u0441\u043e\u0432\u044b\u0435\u041f\u0440\u043e\u0434\u0443\u043a\u0442\u044b.sql
2026-02-26 13:17:06,757 [INFO] \u2705 Stored procedure script generated successfully: C:\ATK_Project\compiled\compiled_bronze_job_proc.sql
2026-02-27 16:29:03,625 [INFO] === Starting Bronze SQL Compilation Job ===
2026-02-27 16:29:03,627 [INFO] Total SQL files to process: 28
2026-02-27 16:29:03,627 [INFO] Processing file: mis.Bronze_\u0414\u043e\u043a\u0443\u043c\u0435\u043d\u0442\u044b.\u0417\u0430\u044f\u0432\u043a\u0430\u041d\u0430\u041a\u0440\u0435\u0434\u0438\u0442.sql
2026-02-27 16:29:03,629 [INFO] Finished file: mis.Bronze_\u0414\u043e\u043a\u0443\u043c\u0435\u043d\u0442\u044b.\u0417\u0430\u044f\u0432\u043a\u0430\u041d\u0430\u041a\u0440\u0435\u0434\u0438\u0442.sql
2026-02-27 16:29:03,629 [INFO] Processing file: mis.Bronze_\u0414\u043e\u043a\u0443\u043c\u0435\u043d\u0442\u044b.\u041d\u0430\u043f\u0440\u0430\u0432\u043b\u0435\u043d\u0438\u0435\u041d\u0430\u0412\u044b\u043f\u043b\u0430\u0442\u0443.sql
2026-02-27 16:29:03,629 [INFO] Finished file: mis.Bronze_\u0414\u043e\u043a\u0443\u043c\u0435\u043d\u0442\u044b.\u041d\u0430\u043f\u0440\u0430\u0432\u043b\u0435\u043d\u0438\u0435\u041d\u0430\u0412\u044b\u043f\u043b\u0430\u0442\u0443.sql
2026-02-27 16:29:03,629 [INFO] Processing file: mis.Bronze_\u0414\u043e\u043a\u0443\u043c\u0435\u043d\u0442\u044b.\u041e\u0431\u044a\u0435\u0434\u0438\u043d\u0435\u043d\u043d\u0430\u044f\u0418\u043d\u0442\u0435\u0440\u043d\u0435\u0442\u0417\u0430\u044f\u0432\u043a\u0430.sql
2026-02-27 16:29:03,630 [INFO] Finished file: mis.Bronze_\u0414\u043e\u043a\u0443\u043c\u0435\u043d\u0442\u044b.\u041e\u0431\u044a\u0435\u0434\u0438\u043d\u0435\u043d\u043d\u0430\u044f\u0418\u043d\u0442\u0435\u0440\u043d\u0435\u0442\u0417\u0430\u044f\u0432\u043a\u0430.sql
2026-02-27 16:29:03,630 [INFO] Processing file: mis.Bronze_\u0414\u043e\u043a\u0443\u043c\u0435\u043d\u0442\u044b.\u041e\u0431\u044a\u0435\u0434\u0438\u043d\u0435\u043d\u043d\u0430\u044f\u0418\u043d\u0442\u0435\u0440\u043d\u0435\u0442\u0417\u0430\u044f\u0432\u043a\u0430.\u0420\u0438\u0441\u043a\u0424\u0430\u043a\u0442\u043e\u0440\u044b.sql
2026-02-27 16:29:03,630 [INFO] Finished file: mis.Bronze_\u0414\u043e\u043a\u0443\u043c\u0435\u043d\u0442\u044b.\u041e\u0431\u044a\u0435\u0434\u0438\u043d\u0435\u043d\u043d\u0430\u044f\u0418\u043d\u0442\u0435\u0440\u043d\u0435\u0442\u0417\u0430\u044f\u0432\u043a\u0430.\u0420\u0438\u0441\u043a\u0424\u0430\u043a\u0442\u043e\u0440\u044b.sql
2026-02-27 16:29:03,631 [INFO] Processing file: mis.Bronze_\u0414\u043e\u043a\u0443\u043c\u0435\u043d\u0442\u044b.\u041f\u0440\u043e\u0442\u043e\u043a\u043e\u043b\u041a\u043e\u043c\u0438\u0442\u0435\u0442\u0430.sql
2026-02-27 16:29:03,633 [INFO] Finished file: mis.Bronze_\u0414\u043e\u043a\u0443\u043c\u0435\u043d\u0442\u044b.\u041f\u0440\u043e\u0442\u043e\u043a\u043e\u043b\u041a\u043e\u043c\u0438\u0442\u0435\u0442\u0430.sql
2026-02-27 16:29:03,633 [INFO] Processing file: mis.Bronze_\u0414\u043e\u043a\u0443\u043c\u0435\u043d\u0442\u044b.\u0423\u0441\u0442\u0430\u043d\u043e\u0432\u043a\u0430\u0414\u0430\u043d\u043d\u044b\u0445\u041a\u0440\u0435\u0434\u0438\u0442\u0430.sql
2026-02-27 16:29:03,634 [INFO] Finished file: mis.Bronze_\u0414\u043e\u043a\u0443\u043c\u0435\u043d\u0442\u044b.\u0423\u0441\u0442\u0430\u043d\u043e\u0432\u043a\u0430\u0414\u0430\u043d\u043d\u044b\u0445\u041a\u0440\u0435\u0434\u0438\u0442\u0430.sql
2026-02-27 16:29:03,634 [INFO] Processing file: mis.Bronze_\u0417\u0430\u0434\u0430\u0447\u0438.\u0417\u0430\u0434\u0430\u0447\u0430\u0410\u0434\u043c\u0438\u043d\u0438\u0441\u0442\u0440\u0430\u0442\u043e\u0440\u0430\u041a\u0440\u0435\u0434\u0438\u0442\u043e\u0432.sql
2026-02-27 16:29:03,634 [INFO] Finished file: mis.Bronze_\u0417\u0430\u0434\u0430\u0447\u0438.\u0417\u0430\u0434\u0430\u0447\u0430\u0410\u0434\u043c\u0438\u043d\u0438\u0441\u0442\u0440\u0430\u0442\u043e\u0440\u0430\u041a\u0440\u0435\u0434\u0438\u0442\u043e\u0432.sql
2026-02-27 16:29:03,634 [INFO] Processing file: mis.Bronze_\u0417\u0430\u0434\u0430\u0447\u0438.\u0417\u0430\u0434\u0430\u0447\u0430\u0410\u0434\u043c\u0438\u043d\u0438\u0441\u0442\u0440\u0430\u0442\u043e\u0440\u0430\u041a\u0440\u0435\u0434\u0438\u0442\u043e\u0432.\u0418\u0441\u0442\u043e\u0440\u0438\u044f\u0421\u0442\u0430\u0442\u0443\u0441\u043e\u0432.sql
2026-02-27 16:29:03,635 [INFO] Finished file: mis.Bronze_\u0417\u0430\u0434\u0430\u0447\u0438.\u0417\u0430\u0434\u0430\u0447\u0430\u0410\u0434\u043c\u0438\u043d\u0438\u0441\u0442\u0440\u0430\u0442\u043e\u0440\u0430\u041a\u0440\u0435\u0434\u0438\u0442\u043e\u0432.\u0418\u0441\u0442\u043e\u0440\u0438\u044f\u0421\u0442\u0430\u0442\u0443\u0441\u043e\u0432.sql
2026-02-27 16:29:03,635 [INFO] Processing file: mis.Bronze_\u0420\u0435\u0433\u0438\u0441\u0442\u0440\u044b\u0421\u0432\u0435\u0434\u0435\u043d\u0438\u0439.\u0410\u043d\u0443\u043b\u0438\u0440\u043e\u0432\u0430\u043d\u043d\u044b\u0435\u041a\u0440\u0435\u0434\u0438\u0442\u044b\u041f\u0430\u0440\u0442\u043d\u0435\u0440\u043e\u0432.sql
2026-02-27 16:29:03,635 [INFO] Finished file: mis.Bronze_\u0420\u0435\u0433\u0438\u0441\u0442\u0440\u044b\u0421\u0432\u0435\u0434\u0435\u043d\u0438\u0439.\u0410\u043d\u0443\u043b\u0438\u0440\u043e\u0432\u0430\u043d\u043d\u044b\u0435\u041a\u0440\u0435\u0434\u0438\u0442\u044b\u041f\u0430\u0440\u0442\u043d\u0435\u0440\u043e\u0432.sql
2026-02-27 16:29:03,635 [INFO] Processing file: mis.Bronze_\u0420\u0435\u0433\u0438\u0441\u0442\u0440\u044b\u0421\u0432\u0435\u0434\u0435\u043d\u0438\u0439.\u0412\u0430\u043b\u044e\u0442\u0430.sql
2026-02-27 16:29:03,636 [INFO] Finished file: mis.Bronze_\u0420\u0435\u0433\u0438\u0441\u0442\u0440\u044b\u0421\u0432\u0435\u0434\u0435\u043d\u0438\u0439.\u0412\u0430\u043b\u044e\u0442\u0430.sql
2026-02-27 16:29:03,636 [INFO] Processing file: mis.Bronze_\u0420\u0435\u0433\u0438\u0441\u0442\u0440\u044b\u0421\u0432\u0435\u0434\u0435\u043d\u0438\u0439.\u0414\u0430\u043d\u043d\u044b\u0435\u041a\u0440\u0435\u0434\u0438\u0442\u043e\u0432\u0412\u044b\u0434\u0430\u043d\u043d\u044b\u0445.sql
2026-02-27 16:29:03,636 [INFO] Finished file: mis.Bronze_\u0420\u0435\u0433\u0438\u0441\u0442\u0440\u044b\u0421\u0432\u0435\u0434\u0435\u043d\u0438\u0439.\u0414\u0430\u043d\u043d\u044b\u0435\u041a\u0440\u0435\u0434\u0438\u0442\u043e\u0432\u0412\u044b\u0434\u0430\u043d\u043d\u044b\u0445.sql
2026-02-27 16:29:03,636 [INFO] Processing file: mis.Bronze_\u0420\u0435\u0433\u0438\u0441\u0442\u0440\u044b\u0421\u0432\u0435\u0434\u0435\u043d\u0438\u0439.\u041a\u0440\u0435\u0434\u0438\u0442\u044b\u0412\u0422\u0435\u043d\u0435\u0432\u044b\u0445\u0424\u0438\u043b\u0438\u0430\u043b\u0430\u0445.sql
2026-02-27 16:29:03,637 [INFO] Finished file: mis.Bronze_\u0420\u0435\u0433\u0438\u0441\u0442\u0440\u044b\u0421\u0432\u0435\u0434\u0435\u043d\u0438\u0439.\u041a\u0440\u0435\u0434\u0438\u0442\u044b\u0412\u0422\u0435\u043d\u0435\u0432\u044b\u0445\u0424\u0438\u043b\u0438\u0430\u043b\u0430\u0445.sql
2026-02-27 16:29:03,637 [INFO] Processing file: mis.Bronze_\u0420\u0435\u0433\u0438\u0441\u0442\u0440\u044b\u0421\u0432\u0435\u0434\u0435\u043d\u0438\u0439.\u041e\u0442\u0432\u0435\u0442\u0441\u0442\u0432\u0435\u043d\u043d\u044b\u0435\u041f\u043e\u041a\u0440\u0435\u0434\u0438\u0442\u0430\u043c\u0412\u044b\u0434\u0430\u043d\u043d\u044b\u043c.sql
2026-02-27 16:29:03,637 [INFO] Finished file: mis.Bronze_\u0420\u0435\u0433\u0438\u0441\u0442\u0440\u044b\u0421\u0432\u0435\u0434\u0435\u043d\u0438\u0439.\u041e\u0442\u0432\u0435\u0442\u0441\u0442\u0432\u0435\u043d\u043d\u044b\u0435\u041f\u043e\u041a\u0440\u0435\u0434\u0438\u0442\u0430\u043c\u0412\u044b\u0434\u0430\u043d\u043d\u044b\u043c.sql
2026-02-27 16:29:03,637 [INFO] Processing file: mis.Bronze_\u0420\u0435\u0433\u0438\u0441\u0442\u0440\u044b\u0421\u0432\u0435\u0434\u0435\u043d\u0438\u0439.\u0420\u0435\u0441\u0442\u0440\u0443\u043a\u0442\u0443\u0440\u0438\u0440\u043e\u0432\u0430\u043d\u043d\u044b\u0435\u041a\u0440\u0435\u0434\u0438\u0442\u044b.sql
2026-02-27 16:29:03,638 [INFO] Finished file: mis.Bronze_\u0420\u0435\u0433\u0438\u0441\u0442\u0440\u044b\u0421\u0432\u0435\u0434\u0435\u043d\u0438\u0439.\u0420\u0435\u0441\u0442\u0440\u0443\u043a\u0442\u0443\u0440\u0438\u0440\u043e\u0432\u0430\u043d\u043d\u044b\u0435\u041a\u0440\u0435\u0434\u0438\u0442\u044b.sql
2026-02-27 16:29:03,638 [INFO] Processing file: mis.Bronze_\u0420\u0435\u0433\u0438\u0441\u0442\u0440\u044b\u0421\u0432\u0435\u0434\u0435\u043d\u0438\u0439.\u0421\u0432\u0435\u0434\u0435\u043d\u0438\u044f\u041e\u041d\u0430\u043f\u0440\u0430\u0432\u043b\u0435\u043d\u0438\u044f\u0445\u041d\u0430\u0412\u044b\u043f\u043b\u0430\u0442\u0443.sql
2026-02-27 16:29:03,638 [INFO] Finished file: mis.Bronze_\u0420\u0435\u0433\u0438\u0441\u0442\u0440\u044b\u0421\u0432\u0435\u0434\u0435\u043d\u0438\u0439.\u0421\u0432\u0435\u0434\u0435\u043d\u0438\u044f\u041e\u041d\u0430\u043f\u0440\u0430\u0432\u043b\u0435\u043d\u0438\u044f\u0445\u041d\u0430\u0412\u044b\u043f\u043b\u0430\u0442\u0443.sql
2026-02-27 16:29:03,638 [INFO] Processing file: mis.Bronze_\u0420\u0435\u0433\u0438\u0441\u0442\u0440\u044b\u0421\u0432\u0435\u0434\u0435\u043d\u0438\u0439.\u0421\u0432\u0435\u0434\u0435\u043d\u0438\u044f\u041e\u041f\u043e\u043b\u044c\u0437\u043e\u0432\u0430\u0442\u0435\u043b\u044f\u0445\u041c\u043e\u0431\u0438\u043b\u044c\u043d\u043e\u0433\u043e\u041f\u0440\u0438\u043b\u043e\u0436\u0435\u043d\u0438\u044f.sql
2026-02-27 16:29:03,638 [INFO] Finished file: mis.Bronze_\u0420\u0435\u0433\u0438\u0441\u0442\u0440\u044b\u0421\u0432\u0435\u0434\u0435\u043d\u0438\u0439.\u0421\u0432\u0435\u0434\u0435\u043d\u0438\u044f\u041e\u041f\u043e\u043b\u044c\u0437\u043e\u0432\u0430\u0442\u0435\u043b\u044f\u0445\u041c\u043e\u0431\u0438\u043b\u044c\u043d\u043e\u0433\u043e\u041f\u0440\u0438\u043b\u043e\u0436\u0435\u043d\u0438\u044f.sql
2026-02-27 16:29:03,638 [INFO] Processing file: mis.Bronze_\u0420\u0435\u0433\u0438\u0441\u0442\u0440\u044b\u0421\u0432\u0435\u0434\u0435\u043d\u0438\u0439.\u0421\u043e\u0441\u0442\u043e\u044f\u043d\u0438\u044f\u0420\u0435\u0441\u0442\u0440\u0443\u043a\u0442\u0443\u0440\u0438\u0440\u043e\u0432\u0430\u043d\u043d\u044b\u0445\u041a\u0440\u0435\u0434\u0438\u0442\u043e\u0432.sql
2026-02-27 16:29:03,639 [INFO] Finished file: mis.Bronze_\u0420\u0435\u0433\u0438\u0441\u0442\u0440\u044b\u0421\u0432\u0435\u0434\u0435\u043d\u0438\u0439.\u0421\u043e\u0441\u0442\u043e\u044f\u043d\u0438\u044f\u0420\u0435\u0441\u0442\u0440\u0443\u043a\u0442\u0443\u0440\u0438\u0440\u043e\u0432\u0430\u043d\u043d\u044b\u0445\u041a\u0440\u0435\u0434\u0438\u0442\u043e\u0432.sql
2026-02-27 16:29:03,639 [INFO] Processing file: mis.Bronze_\u0420\u0435\u0433\u0438\u0441\u0442\u0440\u044b\u0421\u0432\u0435\u0434\u0435\u043d\u0438\u0439.\u0421\u043e\u0442\u0440\u0443\u0434\u043d\u0438\u043a\u0438\u0414\u0430\u043d\u043d\u044b\u0435\u041f\u043e\u0417\u0430\u0440\u043f\u043b\u0430\u0442\u0435.sql
2026-02-27 16:29:03,639 [INFO] Finished file: mis.Bronze_\u0420\u0435\u0433\u0438\u0441\u0442\u0440\u044b\u0421\u0432\u0435\u0434\u0435\u043d\u0438\u0439.\u0421\u043e\u0442\u0440\u0443\u0434\u043d\u0438\u043a\u0438\u0414\u0430\u043d\u043d\u044b\u0435\u041f\u043e\u0417\u0430\u0440\u043f\u043b\u0430\u0442\u0435.sql
2026-02-27 16:29:03,639 [INFO] Processing file: mis.Bronze_\u0420\u0435\u0433\u0438\u0441\u0442\u0440\u044b\u0421\u0432\u0435\u0434\u0435\u043d\u0438\u0439.\u0421\u0442\u0430\u0442\u0443\u0441\u044b\u041a\u0440\u0435\u0434\u0438\u0442\u043e\u0432\u0412\u044b\u0434\u0430\u043d\u043d\u044b\u0445.sql
2026-02-27 16:29:03,639 [INFO] Finished file: mis.Bronze_\u0420\u0435\u0433\u0438\u0441\u0442\u0440\u044b\u0421\u0432\u0435\u0434\u0435\u043d\u0438\u0439.\u0421\u0442\u0430\u0442\u0443\u0441\u044b\u041a\u0440\u0435\u0434\u0438\u0442\u043e\u0432\u0412\u044b\u0434\u0430\u043d\u043d\u044b\u0445.sql
2026-02-27 16:29:03,640 [INFO] Processing file: mis.Bronze_\u0420\u0435\u0433\u0438\u0441\u0442\u0440\u044b\u0421\u0432\u0435\u0434\u0435\u043d\u0438\u0439.\u0421\u0443\u043c\u043c\u044b\u0417\u0430\u0434\u043e\u043b\u0436\u0435\u043d\u043d\u043e\u0441\u0442\u0438\u041f\u043e\u041f\u0435\u0440\u0438\u043e\u0434\u0430\u043c\u041f\u0440\u043e\u0441\u0440\u043e\u0447\u043a\u0438.sql
2026-02-27 16:29:03,640 [INFO] Finished file: mis.Bronze_\u0420\u0435\u0433\u0438\u0441\u0442\u0440\u044b\u0421\u0432\u0435\u0434\u0435\u043d\u0438\u0439.\u0421\u0443\u043c\u043c\u044b\u0417\u0430\u0434\u043e\u043b\u0436\u0435\u043d\u043d\u043e\u0441\u0442\u0438\u041f\u043e\u041f\u0435\u0440\u0438\u043e\u0434\u0430\u043c\u041f\u0440\u043e\u0441\u0440\u043e\u0447\u043a\u0438.sql
2026-02-27 16:29:03,640 [INFO] Processing file: mis.Bronze_\u0420\u0435\u0433\u0438\u0441\u0442\u0440\u044b\u0421\u0432\u0435\u0434\u0435\u043d\u0438\u0439.\u0423\u0441\u043b\u043e\u0432\u0438\u044f\u041f\u043e\u0441\u043b\u0435\u0412\u044b\u0434\u0430\u0447\u0438\u041a\u0440\u0435\u0434\u0438\u0442\u0430.sql
2026-02-27 16:29:03,640 [INFO] Finished file: mis.Bronze_\u0420\u0435\u0433\u0438\u0441\u0442\u0440\u044b\u0421\u0432\u0435\u0434\u0435\u043d\u0438\u0439.\u0423\u0441\u043b\u043e\u0432\u0438\u044f\u041f\u043e\u0441\u043b\u0435\u0412\u044b\u0434\u0430\u0447\u0438\u041a\u0440\u0435\u0434\u0438\u0442\u0430.sql
2026-02-27 16:29:03,640 [INFO] Processing file: mis.Bronze_\u0421\u043f\u0440\u0430\u0432\u043e\u0447\u043d\u0438\u043a\u0438.\u0414\u0438\u043b\u0435\u0440\u044b.sql
2026-02-27 16:29:03,641 [INFO] Finished file: mis.Bronze_\u0421\u043f\u0440\u0430\u0432\u043e\u0447\u043d\u0438\u043a\u0438.\u0414\u0438\u043b\u0435\u0440\u044b.sql
2026-02-27 16:29:03,641 [INFO] Processing file: mis.Bronze_\u0421\u043f\u0440\u0430\u0432\u043e\u0447\u043d\u0438\u043a\u0438.\u041a\u043e\u043d\u0442\u0440\u0430\u0433\u0435\u043d\u0442\u044b.sql
2026-02-27 16:29:03,641 [INFO] Finished file: mis.Bronze_\u0421\u043f\u0440\u0430\u0432\u043e\u0447\u043d\u0438\u043a\u0438.\u041a\u043e\u043d\u0442\u0440\u0430\u0433\u0435\u043d\u0442\u044b.sql
2026-02-27 16:29:03,641 [INFO] Processing file: mis.Bronze_\u0421\u043f\u0440\u0430\u0432\u043e\u0447\u043d\u0438\u043a\u0438.\u041a\u0440\u0435\u0434\u0438\u0442\u044b.sql
2026-02-27 16:29:03,642 [INFO] Finished file: mis.Bronze_\u0421\u043f\u0440\u0430\u0432\u043e\u0447\u043d\u0438\u043a\u0438.\u041a\u0440\u0435\u0434\u0438\u0442\u044b.sql
2026-02-27 16:29:03,642 [INFO] Processing file: mis.Bronze_\u0421\u043f\u0440\u0430\u0432\u043e\u0447\u043d\u0438\u043a\u0438.\u0422\u0438\u043f\u044b\u0417\u0430\u0434\u0430\u0447\u0410\u0434\u043c\u0438\u043d\u0438\u0441\u0442\u0440\u0430\u0442\u043e\u0440\u0430\u041a\u0440\u0435\u0434\u0438\u0442\u043e\u0432.sql
2026-02-27 16:29:03,642 [INFO] Finished file: mis.Bronze_\u0421\u043f\u0440\u0430\u0432\u043e\u0447\u043d\u0438\u043a\u0438.\u0422\u0438\u043f\u044b\u0417\u0430\u0434\u0430\u0447\u0410\u0434\u043c\u0438\u043d\u0438\u0441\u0442\u0440\u0430\u0442\u043e\u0440\u0430\u041a\u0440\u0435\u0434\u0438\u0442\u043e\u0432.sql
2026-02-27 16:29:03,642 [INFO] Processing file: mis.Bronze_\u0421\u043f\u0440\u0430\u0432\u043e\u0447\u043d\u0438\u043a\u0438.\u0422\u0438\u043f\u044b\u0417\u0430\u0434\u0430\u0447\u0410\u0434\u043c\u0438\u043d\u0438\u0441\u0442\u0440\u0430\u0442\u043e\u0440\u0430\u041a\u0440\u0435\u0434\u0438\u0442\u043e\u0432_\u0418\u0441\u0442\u043e\u0440\u0438\u044f\u041f\u043e\u043a\u0430\u0437\u0430\u0442\u0435\u043b\u0435\u0439.sql
2026-02-27 16:29:03,643 [INFO] Finished file: mis.Bronze_\u0421\u043f\u0440\u0430\u0432\u043e\u0447\u043d\u0438\u043a\u0438.\u0422\u0438\u043f\u044b\u0417\u0430\u0434\u0430\u0447\u0410\u0434\u043c\u0438\u043d\u0438\u0441\u0442\u0440\u0430\u0442\u043e\u0440\u0430\u041a\u0440\u0435\u0434\u0438\u0442\u043e\u0432_\u0418\u0441\u0442\u043e\u0440\u0438\u044f\u041f\u043e\u043a\u0430\u0437\u0430\u0442\u0435\u043b\u0435\u0439.sql
2026-02-27 16:29:03,643 [INFO] Processing file: mis.Bronze_\u0421\u043f\u0440\u0430\u0432\u043e\u0447\u043d\u0438\u043a\u0438.\u0424\u0438\u043b\u0438\u0430\u043b\u044b\u041a\u043e\u043d\u0442\u0440\u0430\u0433\u0435\u043d\u0442\u043e\u0432.sql
2026-02-27 16:29:03,643 [INFO] Finished file: mis.Bronze_\u0421\u043f\u0440\u0430\u0432\u043e\u0447\u043d\u0438\u043a\u0438.\u0424\u0438\u043b\u0438\u0430\u043b\u044b\u041a\u043e\u043d\u0442\u0440\u0430\u0433\u0435\u043d\u0442\u043e\u0432.sql
2026-02-27 16:29:03,643 [INFO] Processing file: mis.Bronze_\u0421\u043f\u0440\u0430\u0432\u043e\u0447\u043d\u0438\u043a\u0438.\u0424\u0438\u043d\u0430\u043d\u0441\u043e\u0432\u044b\u0435\u041f\u0440\u043e\u0434\u0443\u043a\u0442\u044b.sql
2026-02-27 16:29:03,643 [INFO] Finished file: mis.Bronze_\u0421\u043f\u0440\u0430\u0432\u043e\u0447\u043d\u0438\u043a\u0438.\u0424\u0438\u043d\u0430\u043d\u0441\u043e\u0432\u044b\u0435\u041f\u0440\u043e\u0434\u0443\u043a\u0442\u044b.sql
2026-02-27 16:29:03,646 [INFO] \u2705 Stored procedure script generated successfully: C:\ATK_Project\compiled\compiled_bronze_job_proc.sql
