2025-11-20 11:20:13,471 [INFO] === Starting Bronze SQL Compilation Job ===
2025-11-20 11:20:13,473 [INFO] Found 27 SQL files to compile.
2025-11-20 11:20:13,473 [INFO] Processing file: mis.Bronze_\u0414\u043e\u043a\u0443\u043c\u0435\u043d\u0442\u044b.\u0417\u0430\u044f\u0432\u043a\u0430\u041d\u0430\u041a\u0440\u0435\u0434\u0438\u0442.sql
2025-11-20 11:20:13,474 [INFO] Finished file: mis.Bronze_\u0414\u043e\u043a\u0443\u043c\u0435\u043d\u0442\u044b.\u0417\u0430\u044f\u0432\u043a\u0430\u041d\u0430\u041a\u0440\u0435\u0434\u0438\u0442.sql
2025-11-20 11:20:13,474 [INFO] Processing file: mis.Bronze_\u0414\u043e\u043a\u0443\u043c\u0435\u043d\u0442\u044b.\u041d\u0430\u043f\u0440\u0430\u0432\u043b\u0435\u043d\u0438\u0435\u041d\u0430\u0412\u044b\u043f\u043b\u0430\u0442\u0443.sql
2025-11-20 11:20:13,475 [INFO] Finished file: mis.Bronze_\u0414\u043e\u043a\u0443\u043c\u0435\u043d\u0442\u044b.\u041d\u0430\u043f\u0440\u0430\u0432\u043b\u0435\u043d\u0438\u0435\u041d\u0430\u0412\u044b\u043f\u043b\u0430\u0442\u0443.sql
2025-11-20 11:20:13,475 [INFO] Processing file: mis.Bronze_\u0414\u043e\u043a\u0443\u043c\u0435\u043d\u0442\u044b.\u041e\u0431\u044a\u0435\u0434\u0438\u043d\u0435\u043d\u043d\u0430\u044f\u0418\u043d\u0442\u0435\u0440\u043d\u0435\u0442\u0417\u0430\u044f\u0432\u043a\u0430.sql
2025-11-20 11:20:13,476 [INFO] Finished file: mis.Bronze_\u0414\u043e\u043a\u0443\u043c\u0435\u043d\u0442\u044b.\u041e\u0431\u044a\u0435\u0434\u0438\u043d\u0435\u043d\u043d\u0430\u044f\u0418\u043d\u0442\u0435\u0440\u043d\u0435\u0442\u0417\u0430\u044f\u0432\u043a\u0430.sql
2025-11-20 11:20:13,476 [INFO] Processing file: mis.Bronze_\u0414\u043e\u043a\u0443\u043c\u0435\u043d\u0442\u044b.\u041e\u0431\u044a\u0435\u0434\u0438\u043d\u0435\u043d\u043d\u0430\u044f\u0418\u043d\u0442\u0435\u0440\u043d\u0435\u0442\u0417\u0430\u044f\u0432\u043a\u0430.\u0420\u0438\u0441\u043a\u0424\u0430\u043a\u0442\u043e\u0440\u044b.sql
2025-11-20 11:20:13,476 [INFO] Finished file: mis.Bronze_\u0414\u043e\u043a\u0443\u043c\u0435\u043d\u0442\u044b.\u041e\u0431\u044a\u0435\u0434\u0438\u043d\u0435\u043d\u043d\u0430\u044f\u0418\u043d\u0442\u0435\u0440\u043d\u0435\u0442\u0417\u0430\u044f\u0432\u043a\u0430.\u0420\u0438\u0441\u043a\u0424\u0430\u043a\u0442\u043e\u0440\u044b.sql
2025-11-20 11:20:13,476 [INFO] Processing file: mis.Bronze_\u0414\u043e\u043a\u0443\u043c\u0435\u043d\u0442\u044b.\u041f\u0440\u043e\u0442\u043e\u043a\u043e\u043b\u041a\u043e\u043c\u0438\u0442\u0435\u0442\u0430.sql
2025-11-20 11:20:13,476 [INFO] Finished file: mis.Bronze_\u0414\u043e\u043a\u0443\u043c\u0435\u043d\u0442\u044b.\u041f\u0440\u043e\u0442\u043e\u043a\u043e\u043b\u041a\u043e\u043c\u0438\u0442\u0435\u0442\u0430.sql
2025-11-20 11:20:13,476 [INFO] Processing file: mis.Bronze_\u0414\u043e\u043a\u0443\u043c\u0435\u043d\u0442\u044b.\u0423\u0441\u0442\u0430\u043d\u043e\u0432\u043a\u0430\u0414\u0430\u043d\u043d\u044b\u0445\u041a\u0440\u0435\u0434\u0438\u0442\u0430.sql
2025-11-20 11:20:13,477 [INFO] Finished file: mis.Bronze_\u0414\u043e\u043a\u0443\u043c\u0435\u043d\u0442\u044b.\u0423\u0441\u0442\u0430\u043d\u043e\u0432\u043a\u0430\u0414\u0430\u043d\u043d\u044b\u0445\u041a\u0440\u0435\u0434\u0438\u0442\u0430.sql
2025-11-20 11:20:13,477 [INFO] Processing file: mis.Bronze_\u0417\u0430\u0434\u0430\u0447\u0438.\u0417\u0430\u0434\u0430\u0447\u0430\u0410\u0434\u043c\u0438\u043d\u0438\u0441\u0442\u0440\u0430\u0442\u043e\u0440\u0430\u041a\u0440\u0435\u0434\u0438\u0442\u043e\u0432.sql
2025-11-20 11:20:13,477 [INFO] Finished file: mis.Bronze_\u0417\u0430\u0434\u0430\u0447\u0438.\u0417\u0430\u0434\u0430\u0447\u0430\u0410\u0434\u043c\u0438\u043d\u0438\u0441\u0442\u0440\u0430\u0442\u043e\u0440\u0430\u041a\u0440\u0435\u0434\u0438\u0442\u043e\u0432.sql
2025-11-20 11:20:13,477 [INFO] Processing file: mis.Bronze_\u0417\u0430\u0434\u0430\u0447\u0438.\u0417\u0430\u0434\u0430\u0447\u0430\u0410\u0434\u043c\u0438\u043d\u0438\u0441\u0442\u0440\u0430\u0442\u043e\u0440\u0430\u041a\u0440\u0435\u0434\u0438\u0442\u043e\u0432.\u0418\u0441\u0442\u043e\u0440\u0438\u044f\u0421\u0442\u0430\u0442\u0443\u0441\u043e\u0432.sql
2025-11-20 11:20:13,478 [INFO] Finished file: mis.Bronze_\u0417\u0430\u0434\u0430\u0447\u0438.\u0417\u0430\u0434\u0430\u0447\u0430\u0410\u0434\u043c\u0438\u043d\u0438\u0441\u0442\u0440\u0430\u0442\u043e\u0440\u0430\u041a\u0440\u0435\u0434\u0438\u0442\u043e\u0432.\u0418\u0441\u0442\u043e\u0440\u0438\u044f\u0421\u0442\u0430\u0442\u0443\u0441\u043e\u0432.sql
2025-11-20 11:20:13,478 [INFO] Processing file: mis.Bronze_\u0420\u0435\u0433\u0438\u0441\u0442\u0440\u044b\u0421\u0432\u0435\u0434\u0435\u043d\u0438\u0439.\u0410\u043d\u0443\u043b\u0438\u0440\u043e\u0432\u0430\u043d\u043d\u044b\u0435\u041a\u0440\u0435\u0434\u0438\u0442\u044b\u041f\u0430\u0440\u0442\u043d\u0435\u0440\u043e\u0432.sql
2025-11-20 11:20:13,478 [INFO] Finished file: mis.Bronze_\u0420\u0435\u0433\u0438\u0441\u0442\u0440\u044b\u0421\u0432\u0435\u0434\u0435\u043d\u0438\u0439.\u0410\u043d\u0443\u043b\u0438\u0440\u043e\u0432\u0430\u043d\u043d\u044b\u0435\u041a\u0440\u0435\u0434\u0438\u0442\u044b\u041f\u0430\u0440\u0442\u043d\u0435\u0440\u043e\u0432.sql
2025-11-20 11:20:13,478 [INFO] Processing file: mis.Bronze_\u0420\u0435\u0433\u0438\u0441\u0442\u0440\u044b\u0421\u0432\u0435\u0434\u0435\u043d\u0438\u0439.\u0412\u0430\u043b\u044e\u0442\u0430.sql
2025-11-20 11:20:13,479 [INFO] Finished file: mis.Bronze_\u0420\u0435\u0433\u0438\u0441\u0442\u0440\u044b\u0421\u0432\u0435\u0434\u0435\u043d\u0438\u0439.\u0412\u0430\u043b\u044e\u0442\u0430.sql
2025-11-20 11:20:13,479 [INFO] Processing file: mis.Bronze_\u0420\u0435\u0433\u0438\u0441\u0442\u0440\u044b\u0421\u0432\u0435\u0434\u0435\u043d\u0438\u0439.\u0414\u0430\u043d\u043d\u044b\u0435\u041a\u0440\u0435\u0434\u0438\u0442\u043e\u0432\u0412\u044b\u0434\u0430\u043d\u043d\u044b\u0445.sql
2025-11-20 11:20:13,479 [INFO] Finished file: mis.Bronze_\u0420\u0435\u0433\u0438\u0441\u0442\u0440\u044b\u0421\u0432\u0435\u0434\u0435\u043d\u0438\u0439.\u0414\u0430\u043d\u043d\u044b\u0435\u041a\u0440\u0435\u0434\u0438\u0442\u043e\u0432\u0412\u044b\u0434\u0430\u043d\u043d\u044b\u0445.sql
2025-11-20 11:20:13,479 [INFO] Processing file: mis.Bronze_\u0420\u0435\u0433\u0438\u0441\u0442\u0440\u044b\u0421\u0432\u0435\u0434\u0435\u043d\u0438\u0439.\u041a\u0440\u0435\u0434\u0438\u0442\u044b\u0412\u0422\u0435\u043d\u0435\u0432\u044b\u0445\u0424\u0438\u043b\u0438\u0430\u043b\u0430\u0445.sql
2025-11-20 11:20:13,480 [INFO] Finished file: mis.Bronze_\u0420\u0435\u0433\u0438\u0441\u0442\u0440\u044b\u0421\u0432\u0435\u0434\u0435\u043d\u0438\u0439.\u041a\u0440\u0435\u0434\u0438\u0442\u044b\u0412\u0422\u0435\u043d\u0435\u0432\u044b\u0445\u0424\u0438\u043b\u0438\u0430\u043b\u0430\u0445.sql
2025-11-20 11:20:13,480 [INFO] Processing file: mis.Bronze_\u0420\u0435\u0433\u0438\u0441\u0442\u0440\u044b\u0421\u0432\u0435\u0434\u0435\u043d\u0438\u0439.\u041e\u0442\u0432\u0435\u0442\u0441\u0442\u0432\u0435\u043d\u043d\u044b\u0435\u041f\u043e\u041a\u0440\u0435\u0434\u0438\u0442\u0430\u043c\u0412\u044b\u0434\u0430\u043d\u043d\u044b\u043c.sql
2025-11-20 11:20:13,480 [INFO] Finished file: mis.Bronze_\u0420\u0435\u0433\u0438\u0441\u0442\u0440\u044b\u0421\u0432\u0435\u0434\u0435\u043d\u0438\u0439.\u041e\u0442\u0432\u0435\u0442\u0441\u0442\u0432\u0435\u043d\u043d\u044b\u0435\u041f\u043e\u041a\u0440\u0435\u0434\u0438\u0442\u0430\u043c\u0412\u044b\u0434\u0430\u043d\u043d\u044b\u043c.sql
2025-11-20 11:20:13,480 [INFO] Processing file: mis.Bronze_\u0420\u0435\u0433\u0438\u0441\u0442\u0440\u044b\u0421\u0432\u0435\u0434\u0435\u043d\u0438\u0439.\u0420\u0435\u0441\u0442\u0440\u0443\u043a\u0442\u0443\u0440\u0438\u0440\u043e\u0432\u0430\u043d\u043d\u044b\u0435\u041a\u0440\u0435\u0434\u0438\u0442\u044b.sql
2025-11-20 11:20:13,481 [INFO] Finished file: mis.Bronze_\u0420\u0435\u0433\u0438\u0441\u0442\u0440\u044b\u0421\u0432\u0435\u0434\u0435\u043d\u0438\u0439.\u0420\u0435\u0441\u0442\u0440\u0443\u043a\u0442\u0443\u0440\u0438\u0440\u043e\u0432\u0430\u043d\u043d\u044b\u0435\u041a\u0440\u0435\u0434\u0438\u0442\u044b.sql
2025-11-20 11:20:13,481 [INFO] Processing file: mis.Bronze_\u0420\u0435\u0433\u0438\u0441\u0442\u0440\u044b\u0421\u0432\u0435\u0434\u0435\u043d\u0438\u0439.\u0421\u0432\u0435\u0434\u0435\u043d\u0438\u044f\u041e\u041d\u0430\u043f\u0440\u0430\u0432\u043b\u0435\u043d\u0438\u044f\u0445\u041d\u0430\u0412\u044b\u043f\u043b\u0430\u0442\u0443.sql
2025-11-20 11:20:13,481 [INFO] Finished file: mis.Bronze_\u0420\u0435\u0433\u0438\u0441\u0442\u0440\u044b\u0421\u0432\u0435\u0434\u0435\u043d\u0438\u0439.\u0421\u0432\u0435\u0434\u0435\u043d\u0438\u044f\u041e\u041d\u0430\u043f\u0440\u0430\u0432\u043b\u0435\u043d\u0438\u044f\u0445\u041d\u0430\u0412\u044b\u043f\u043b\u0430\u0442\u0443.sql
2025-11-20 11:20:13,481 [INFO] Processing file: mis.Bronze_\u0420\u0435\u0433\u0438\u0441\u0442\u0440\u044b\u0421\u0432\u0435\u0434\u0435\u043d\u0438\u0439.\u0421\u0432\u0435\u0434\u0435\u043d\u0438\u044f\u041e\u041f\u043e\u043b\u044c\u0437\u043e\u0432\u0430\u0442\u0435\u043b\u044f\u0445\u041c\u043e\u0431\u0438\u043b\u044c\u043d\u043e\u0433\u043e\u041f\u0440\u0438\u043b\u043e\u0436\u0435\u043d\u0438\u044f.sql
2025-11-20 11:20:13,482 [INFO] Finished file: mis.Bronze_\u0420\u0435\u0433\u0438\u0441\u0442\u0440\u044b\u0421\u0432\u0435\u0434\u0435\u043d\u0438\u0439.\u0421\u0432\u0435\u0434\u0435\u043d\u0438\u044f\u041e\u041f\u043e\u043b\u044c\u0437\u043e\u0432\u0430\u0442\u0435\u043b\u044f\u0445\u041c\u043e\u0431\u0438\u043b\u044c\u043d\u043e\u0433\u043e\u041f\u0440\u0438\u043b\u043e\u0436\u0435\u043d\u0438\u044f.sql
2025-11-20 11:20:13,482 [INFO] Processing file: mis.Bronze_\u0420\u0435\u0433\u0438\u0441\u0442\u0440\u044b\u0421\u0432\u0435\u0434\u0435\u043d\u0438\u0439.\u0421\u043e\u0441\u0442\u043e\u044f\u043d\u0438\u044f\u0420\u0435\u0441\u0442\u0440\u0443\u043a\u0442\u0443\u0440\u0438\u0440\u043e\u0432\u0430\u043d\u043d\u044b\u0445\u041a\u0440\u0435\u0434\u0438\u0442\u043e\u0432.sql
2025-11-20 11:20:13,482 [INFO] Finished file: mis.Bronze_\u0420\u0435\u0433\u0438\u0441\u0442\u0440\u044b\u0421\u0432\u0435\u0434\u0435\u043d\u0438\u0439.\u0421\u043e\u0441\u0442\u043e\u044f\u043d\u0438\u044f\u0420\u0435\u0441\u0442\u0440\u0443\u043a\u0442\u0443\u0440\u0438\u0440\u043e\u0432\u0430\u043d\u043d\u044b\u0445\u041a\u0440\u0435\u0434\u0438\u0442\u043e\u0432.sql
2025-11-20 11:20:13,482 [INFO] Processing file: mis.Bronze_\u0420\u0435\u0433\u0438\u0441\u0442\u0440\u044b\u0421\u0432\u0435\u0434\u0435\u043d\u0438\u0439.\u0421\u043e\u0442\u0440\u0443\u0434\u043d\u0438\u043a\u0438\u0414\u0430\u043d\u043d\u044b\u0435\u041f\u043e\u0417\u0430\u0440\u043f\u043b\u0430\u0442\u0435.sql
2025-11-20 11:20:13,482 [INFO] Finished file: mis.Bronze_\u0420\u0435\u0433\u0438\u0441\u0442\u0440\u044b\u0421\u0432\u0435\u0434\u0435\u043d\u0438\u0439.\u0421\u043e\u0442\u0440\u0443\u0434\u043d\u0438\u043a\u0438\u0414\u0430\u043d\u043d\u044b\u0435\u041f\u043e\u0417\u0430\u0440\u043f\u043b\u0430\u0442\u0435.sql
2025-11-20 11:20:13,482 [INFO] Processing file: mis.Bronze_\u0420\u0435\u0433\u0438\u0441\u0442\u0440\u044b\u0421\u0432\u0435\u0434\u0435\u043d\u0438\u0439.\u0421\u0442\u0430\u0442\u0443\u0441\u044b\u041a\u0440\u0435\u0434\u0438\u0442\u043e\u0432\u0412\u044b\u0434\u0430\u043d\u043d\u044b\u0445.sql
2025-11-20 11:20:13,483 [INFO] Finished file: mis.Bronze_\u0420\u0435\u0433\u0438\u0441\u0442\u0440\u044b\u0421\u0432\u0435\u0434\u0435\u043d\u0438\u0439.\u0421\u0442\u0430\u0442\u0443\u0441\u044b\u041a\u0440\u0435\u0434\u0438\u0442\u043e\u0432\u0412\u044b\u0434\u0430\u043d\u043d\u044b\u0445.sql
2025-11-20 11:20:13,483 [INFO] Processing file: mis.Bronze_\u0420\u0435\u0433\u0438\u0441\u0442\u0440\u044b\u0421\u0432\u0435\u0434\u0435\u043d\u0438\u0439.\u0421\u0443\u043c\u043c\u044b\u0417\u0430\u0434\u043e\u043b\u0436\u0435\u043d\u043d\u043e\u0441\u0442\u0438\u041f\u043e\u041f\u0435\u0440\u0438\u043e\u0434\u0430\u043c\u041f\u0440\u043e\u0441\u0440\u043e\u0447\u043a\u0438.sql
2025-11-20 11:20:13,483 [INFO] Finished file: mis.Bronze_\u0420\u0435\u0433\u0438\u0441\u0442\u0440\u044b\u0421\u0432\u0435\u0434\u0435\u043d\u0438\u0439.\u0421\u0443\u043c\u043c\u044b\u0417\u0430\u0434\u043e\u043b\u0436\u0435\u043d\u043d\u043e\u0441\u0442\u0438\u041f\u043e\u041f\u0435\u0440\u0438\u043e\u0434\u0430\u043c\u041f\u0440\u043e\u0441\u0440\u043e\u0447\u043a\u0438.sql
2025-11-20 11:20:13,483 [INFO] Processing file: mis.Bronze_\u0421\u043f\u0440\u0430\u0432\u043e\u0447\u043d\u0438\u043a\u0438.\u0414\u0438\u043b\u0435\u0440\u044b.sql
2025-11-20 11:20:13,484 [INFO] Finished file: mis.Bronze_\u0421\u043f\u0440\u0430\u0432\u043e\u0447\u043d\u0438\u043a\u0438.\u0414\u0438\u043b\u0435\u0440\u044b.sql
2025-11-20 11:20:13,484 [INFO] Processing file: mis.Bronze_\u0421\u043f\u0440\u0430\u0432\u043e\u0447\u043d\u0438\u043a\u0438.\u041a\u043e\u043d\u0442\u0440\u0430\u0433\u0435\u043d\u0442\u044b.sql
2025-11-20 11:20:13,485 [INFO] Finished file: mis.Bronze_\u0421\u043f\u0440\u0430\u0432\u043e\u0447\u043d\u0438\u043a\u0438.\u041a\u043e\u043d\u0442\u0440\u0430\u0433\u0435\u043d\u0442\u044b.sql
2025-11-20 11:20:13,485 [INFO] Processing file: mis.Bronze_\u0421\u043f\u0440\u0430\u0432\u043e\u0447\u043d\u0438\u043a\u0438.\u041a\u0440\u0435\u0434\u0438\u0442\u044b.sql
2025-11-20 11:20:13,485 [INFO] Finished file: mis.Bronze_\u0421\u043f\u0440\u0430\u0432\u043e\u0447\u043d\u0438\u043a\u0438.\u041a\u0440\u0435\u0434\u0438\u0442\u044b.sql
2025-11-20 11:20:13,485 [INFO] Processing file: mis.Bronze_\u0421\u043f\u0440\u0430\u0432\u043e\u0447\u043d\u0438\u043a\u0438.\u0422\u0438\u043f\u044b\u0417\u0430\u0434\u0430\u0447\u0410\u0434\u043c\u0438\u043d\u0438\u0441\u0442\u0440\u0430\u0442\u043e\u0440\u0430\u041a\u0440\u0435\u0434\u0438\u0442\u043e\u0432.sql
2025-11-20 11:20:13,486 [INFO] Finished file: mis.Bronze_\u0421\u043f\u0440\u0430\u0432\u043e\u0447\u043d\u0438\u043a\u0438.\u0422\u0438\u043f\u044b\u0417\u0430\u0434\u0430\u0447\u0410\u0434\u043c\u0438\u043d\u0438\u0441\u0442\u0440\u0430\u0442\u043e\u0440\u0430\u041a\u0440\u0435\u0434\u0438\u0442\u043e\u0432.sql
2025-11-20 11:20:13,486 [INFO] Processing file: mis.Bronze_\u0421\u043f\u0440\u0430\u0432\u043e\u0447\u043d\u0438\u043a\u0438.\u0422\u0438\u043f\u044b\u0417\u0430\u0434\u0430\u0447\u0410\u0434\u043c\u0438\u043d\u0438\u0441\u0442\u0440\u0430\u0442\u043e\u0440\u0430\u041a\u0440\u0435\u0434\u0438\u0442\u043e\u0432_\u0418\u0441\u0442\u043e\u0440\u0438\u044f\u041f\u043e\u043a\u0430\u0437\u0430\u0442\u0435\u043b\u0435\u0439.sql
2025-11-20 11:20:13,486 [INFO] Finished file: mis.Bronze_\u0421\u043f\u0440\u0430\u0432\u043e\u0447\u043d\u0438\u043a\u0438.\u0422\u0438\u043f\u044b\u0417\u0430\u0434\u0430\u0447\u0410\u0434\u043c\u0438\u043d\u0438\u0441\u0442\u0440\u0430\u0442\u043e\u0440\u0430\u041a\u0440\u0435\u0434\u0438\u0442\u043e\u0432_\u0418\u0441\u0442\u043e\u0440\u0438\u044f\u041f\u043e\u043a\u0430\u0437\u0430\u0442\u0435\u043b\u0435\u0439.sql
2025-11-20 11:20:13,486 [INFO] Processing file: mis.Bronze_\u0421\u043f\u0440\u0430\u0432\u043e\u0447\u043d\u0438\u043a\u0438.\u0424\u0438\u043b\u0438\u0430\u043b\u044b\u041a\u043e\u043d\u0442\u0440\u0430\u0433\u0435\u043d\u0442\u043e\u0432.sql
2025-11-20 11:20:13,487 [INFO] Finished file: mis.Bronze_\u0421\u043f\u0440\u0430\u0432\u043e\u0447\u043d\u0438\u043a\u0438.\u0424\u0438\u043b\u0438\u0430\u043b\u044b\u041a\u043e\u043d\u0442\u0440\u0430\u0433\u0435\u043d\u0442\u043e\u0432.sql
2025-11-20 11:20:13,487 [INFO] Processing file: mis.Bronze_\u0421\u043f\u0440\u0430\u0432\u043e\u0447\u043d\u0438\u043a\u0438.\u0424\u0438\u043d\u0430\u043d\u0441\u043e\u0432\u044b\u0435\u041f\u0440\u043e\u0434\u0443\u043a\u0442\u044b.sql
2025-11-20 11:20:13,487 [INFO] Finished file: mis.Bronze_\u0421\u043f\u0440\u0430\u0432\u043e\u0447\u043d\u0438\u043a\u0438.\u0424\u0438\u043d\u0430\u043d\u0441\u043e\u0432\u044b\u0435\u041f\u0440\u043e\u0434\u0443\u043a\u0442\u044b.sql
2025-11-20 11:20:13,487 [INFO] \u2705 Stored procedure script generated successfully: C:\ATK_Project\compiled\compiled_bronze_job_proc.sql
