2026-02-06 16:09:50,297 [INFO] === Starting Gold SQL Compilation Job ===
2026-02-06 16:09:50,299 [INFO] Total SQL files to process: 22
2026-02-06 16:09:50,300 [INFO] Processing file: mis.Gold_Dim_AppUsers.sql
2026-02-06 16:09:50,301 [INFO] Finished file: mis.Gold_Dim_AppUsers.sql
2026-02-06 16:09:50,301 [INFO] Processing file: mis.Gold_Dim_Branch.sql
2026-02-06 16:09:50,301 [INFO] Finished file: mis.Gold_Dim_Branch.sql
2026-02-06 16:09:50,301 [INFO] Processing file: mis.Gold_Dim_Clients.sql
2026-02-06 16:09:50,303 [INFO] Finished file: mis.Gold_Dim_Clients.sql
2026-02-06 16:09:50,303 [INFO] Processing file: mis.Gold_Dim_Credits.sql
2026-02-06 16:09:50,307 [INFO] Finished file: mis.Gold_Dim_Credits.sql
2026-02-06 16:09:50,307 [INFO] Processing file: mis.Gold_Dim_EmployeePayrollData.sql
2026-02-06 16:09:50,307 [INFO] Finished file: mis.Gold_Dim_EmployeePayrollData.sql
2026-02-06 16:09:50,307 [INFO] Processing file: mis.Gold_Dim_Employees.sql
2026-02-06 16:09:50,308 [INFO] Finished file: mis.Gold_Dim_Employees.sql
2026-02-06 16:09:50,308 [INFO] Processing file: mis.Gold_Dim_EmployeesHistory.sql
2026-02-06 16:09:50,309 [INFO] Finished file: mis.Gold_Dim_EmployeesHistory.sql
2026-02-06 16:09:50,309 [INFO] Processing file: mis.Gold_Dim_Events.sql
2026-02-06 16:09:50,309 [INFO] Finished file: mis.Gold_Dim_Events.sql
2026-02-06 16:09:50,309 [INFO] Processing file: mis.Gold_Dim_GroupMembershipPeriods.sql
2026-02-06 16:09:50,310 [INFO] Finished file: mis.Gold_Dim_GroupMembershipPeriods.sql
2026-02-06 16:09:50,310 [INFO] Processing file: mis.Gold_Dim_PartnersBranch.sql
2026-02-06 16:09:50,311 [INFO] Finished file: mis.Gold_Dim_PartnersBranch.sql
2026-02-06 16:09:50,311 [INFO] Processing file: mis.Gold_Fact_AdminTasks.sql
2026-02-06 16:09:50,313 [INFO] Finished file: mis.Gold_Fact_AdminTasks.sql
2026-02-06 16:09:50,313 [INFO] Processing file: mis.Gold_Fact_ArchiveDocument.sql
2026-02-06 16:09:50,313 [INFO] Finished file: mis.Gold_Fact_ArchiveDocument.sql
2026-02-06 16:09:50,313 [INFO] Processing file: mis.Gold_Fact_BudgetEmployees.sql
2026-02-06 16:09:50,314 [INFO] Finished file: mis.Gold_Fact_BudgetEmployees.sql
2026-02-06 16:09:50,314 [INFO] Processing file: mis.Gold_Fact_CerereOnline.sql
2026-02-06 16:09:50,316 [INFO] Finished file: mis.Gold_Fact_CerereOnline.sql
2026-02-06 16:09:50,316 [INFO] Processing file: mis.Gold_Fact_Comments.sql
2026-02-06 16:09:50,316 [INFO] Finished file: mis.Gold_Fact_Comments.sql
2026-02-06 16:09:50,316 [INFO] Processing file: mis.Gold_Fact_CPD.sql
2026-02-06 16:09:50,317 [INFO] Finished file: mis.Gold_Fact_CPD.sql
2026-02-06 16:09:50,317 [INFO] Processing file: mis.Gold_Fact_CreditsInShadowBranches.sql
2026-02-06 16:09:50,317 [INFO] Finished file: mis.Gold_Fact_CreditsInShadowBranches.sql
2026-02-06 16:09:50,317 [INFO] Processing file: mis.Gold_Fact_WriteOffCredits.sql
2026-02-06 16:09:50,318 [INFO] Finished file: mis.Gold_Fact_WriteOffCredits.sql
2026-02-06 16:09:50,318 [INFO] Processing file: mis.Gold_Fact_Restruct_Daily_Min.sql
2026-02-06 16:09:50,320 [INFO] Finished file: mis.Gold_Fact_Restruct_Daily_Min.sql
2026-02-06 16:09:50,320 [INFO] Processing file: mis.Gold_Fact_Disbursement.sql
2026-02-06 16:09:50,321 [INFO] Finished file: mis.Gold_Fact_Disbursement.sql
2026-02-06 16:09:50,321 [INFO] Processing file: mis.Gold_Fact_Sold_Par.sql
2026-02-06 16:09:50,322 [INFO] Finished file: mis.Gold_Fact_Sold_Par.sql
2026-02-06 16:09:50,322 [INFO] Processing file: V3__incremental_gold_fact_Restruct_Daily_Sold_Par.sql
2026-02-06 16:09:50,323 [INFO] Finished file: V3__incremental_gold_fact_Restruct_Daily_Sold_Par.sql
2026-02-06 16:09:50,323 [INFO] \u2705 Stored procedure script generated successfully: C:\ATK_Project\compiled\compiled_gold_job_proc.sql
